{"c:\\Users\\Pasquale\\Documents\\SuperActivatorNodeNg\\app.js":{"path":"c:\\Users\\Pasquale\\Documents\\SuperActivatorNodeNg\\app.js","statementMap":{"0":{"start":{"line":1,"column":0},"end":{"line":1,"column":27}},"1":{"start":{"line":2,"column":0},"end":{"line":2,"column":30}},"2":{"start":{"line":3,"column":0},"end":{"line":3,"column":29}},"3":{"start":{"line":5,"column":0},"end":{"line":5,"column":40}},"4":{"start":{"line":9,"column":20},"end":{"line":9,"column":42}},"5":{"start":{"line":10,"column":16},"end":{"line":10,"column":34}},"6":{"start":{"line":11,"column":13},"end":{"line":11,"column":28}},"7":{"start":{"line":12,"column":16},"end":{"line":12,"column":40}},"8":{"start":{"line":13,"column":15},"end":{"line":13,"column":32}},"9":{"start":{"line":14,"column":17},"end":{"line":14,"column":36}},"10":{"start":{"line":15,"column":13},"end":{"line":15,"column":28}},"11":{"start":{"line":18,"column":20},"end":{"line":18,"column":55}},"12":{"start":{"line":20,"column":15},"end":{"line":20,"column":34}},"13":{"start":{"line":23,"column":20},"end":{"line":23,"column":58}},"14":{"start":{"line":24,"column":19},"end":{"line":24,"column":56}},"15":{"start":{"line":25,"column":20},"end":{"line":25,"column":58}},"16":{"start":{"line":26,"column":21},"end":{"line":26,"column":60}},"17":{"start":{"line":27,"column":18},"end":{"line":27,"column":54}},"18":{"start":{"line":28,"column":17},"end":{"line":28,"column":52}},"19":{"start":{"line":29,"column":24},"end":{"line":29,"column":66}},"20":{"start":{"line":30,"column":22},"end":{"line":30,"column":62}},"21":{"start":{"line":31,"column":22},"end":{"line":31,"column":62}},"22":{"start":{"line":32,"column":28},"end":{"line":32,"column":74}},"23":{"start":{"line":33,"column":29},"end":{"line":33,"column":78}},"24":{"start":{"line":35,"column":12},"end":{"line":35,"column":21}},"25":{"start":{"line":38,"column":0},"end":{"line":38,"column":48}},"26":{"start":{"line":39,"column":0},"end":{"line":39,"column":30}},"27":{"start":{"line":41,"column":0},"end":{"line":41,"column":23}},"28":{"start":{"line":42,"column":0},"end":{"line":42,"column":16}},"29":{"start":{"line":43,"column":0},"end":{"line":43,"column":24}},"30":{"start":{"line":44,"column":0},"end":{"line":44,"column":49}},"31":{"start":{"line":46,"column":0},"end":{"line":46,"column":56}},"32":{"start":{"line":47,"column":0},"end":{"line":47,"column":61}},"33":{"start":{"line":48,"column":0},"end":{"line":48,"column":66}},"34":{"start":{"line":51,"column":0},"end":{"line":51,"column":31}},"35":{"start":{"line":53,"column":0},"end":{"line":53,"column":29}},"36":{"start":{"line":56,"column":0},"end":{"line":65,"column":5}},"37":{"start":{"line":59,"column":4},"end":{"line":61,"column":5}},"38":{"start":{"line":60,"column":6},"end":{"line":60,"column":63}},"39":{"start":{"line":64,"column":4},"end":{"line":64,"column":77}},"40":{"start":{"line":66,"column":0},"end":{"line":77,"column":1}},"41":{"start":{"line":67,"column":2},"end":{"line":70,"column":39}},"42":{"start":{"line":70,"column":18},"end":{"line":70,"column":37}},"43":{"start":{"line":71,"column":7},"end":{"line":77,"column":1}},"44":{"start":{"line":72,"column":2},"end":{"line":76,"column":39}},"45":{"start":{"line":76,"column":18},"end":{"line":76,"column":37}},"46":{"start":{"line":79,"column":0},"end":{"line":97,"column":3}},"47":{"start":{"line":81,"column":2},"end":{"line":81,"column":52}},"48":{"start":{"line":83,"column":2},"end":{"line":86,"column":4}},"49":{"start":{"line":88,"column":2},"end":{"line":91,"column":4}},"50":{"start":{"line":94,"column":2},"end":{"line":94,"column":58}},"51":{"start":{"line":96,"column":2},"end":{"line":96,"column":9}},"52":{"start":{"line":100,"column":0},"end":{"line":100,"column":32}},"53":{"start":{"line":103,"column":0},"end":{"line":103,"column":30}},"54":{"start":{"line":105,"column":0},"end":{"line":105,"column":33}},"55":{"start":{"line":106,"column":0},"end":{"line":106,"column":57}},"56":{"start":{"line":108,"column":0},"end":{"line":108,"column":50}},"57":{"start":{"line":109,"column":0},"end":{"line":109,"column":44}},"58":{"start":{"line":110,"column":0},"end":{"line":110,"column":42}},"59":{"start":{"line":111,"column":0},"end":{"line":111,"column":56}},"60":{"start":{"line":112,"column":0},"end":{"line":112,"column":52}},"61":{"start":{"line":113,"column":0},"end":{"line":113,"column":52}},"62":{"start":{"line":115,"column":0},"end":{"line":115,"column":64}},"63":{"start":{"line":118,"column":0},"end":{"line":120,"column":3}},"64":{"start":{"line":119,"column":2},"end":{"line":119,"column":25}},"65":{"start":{"line":123,"column":0},"end":{"line":131,"column":3}},"66":{"start":{"line":125,"column":2},"end":{"line":125,"column":35}},"67":{"start":{"line":126,"column":2},"end":{"line":126,"column":69}},"68":{"start":{"line":129,"column":2},"end":{"line":129,"column":32}},"69":{"start":{"line":130,"column":2},"end":{"line":130,"column":16}},"70":{"start":{"line":133,"column":0},"end":{"line":133,"column":21}}},"fnMap":{"0":{"name":"(anonymous_0)","decl":{"start":{"line":58,"column":8},"end":{"line":58,"column":9}},"loc":{"start":{"line":58,"column":14},"end":{"line":62,"column":3}},"line":58},"1":{"name":"(anonymous_1)","decl":{"start":{"line":63,"column":9},"end":{"line":63,"column":10}},"loc":{"start":{"line":63,"column":16},"end":{"line":65,"column":3}},"line":63},"2":{"name":"(anonymous_2)","decl":{"start":{"line":70,"column":11},"end":{"line":70,"column":12}},"loc":{"start":{"line":70,"column":18},"end":{"line":70,"column":37}},"line":70},"3":{"name":"(anonymous_3)","decl":{"start":{"line":76,"column":11},"end":{"line":76,"column":12}},"loc":{"start":{"line":76,"column":18},"end":{"line":76,"column":37}},"line":76},"4":{"name":"(anonymous_4)","decl":{"start":{"line":79,"column":8},"end":{"line":79,"column":9}},"loc":{"start":{"line":79,"column":28},"end":{"line":97,"column":1}},"line":79},"5":{"name":"(anonymous_5)","decl":{"start":{"line":118,"column":8},"end":{"line":118,"column":9}},"loc":{"start":{"line":118,"column":28},"end":{"line":120,"column":1}},"line":118},"6":{"name":"(anonymous_6)","decl":{"start":{"line":123,"column":8},"end":{"line":123,"column":9}},"loc":{"start":{"line":123,"column":33},"end":{"line":131,"column":1}},"line":123}},"branchMap":{"0":{"loc":{"start":{"line":59,"column":4},"end":{"line":61,"column":5}},"type":"if","locations":[{"start":{"line":59,"column":4},"end":{"line":61,"column":5}},{"start":{"line":59,"column":4},"end":{"line":61,"column":5}}],"line":59},"1":{"loc":{"start":{"line":59,"column":8},"end":{"line":59,"column":37}},"type":"binary-expr","locations":[{"start":{"line":59,"column":8},"end":{"line":59,"column":27}},{"start":{"line":59,"column":31},"end":{"line":59,"column":37}}],"line":59},"2":{"loc":{"start":{"line":66,"column":0},"end":{"line":77,"column":1}},"type":"if","locations":[{"start":{"line":66,"column":0},"end":{"line":77,"column":1}},{"start":{"line":66,"column":0},"end":{"line":77,"column":1}}],"line":66},"3":{"loc":{"start":{"line":71,"column":7},"end":{"line":77,"column":1}},"type":"if","locations":[{"start":{"line":71,"column":7},"end":{"line":77,"column":1}},{"start":{"line":71,"column":7},"end":{"line":77,"column":1}}],"line":71},"4":{"loc":{"start":{"line":126,"column":21},"end":{"line":126,"column":68}},"type":"cond-expr","locations":[{"start":{"line":126,"column":60},"end":{"line":126,"column":63}},{"start":{"line":126,"column":66},"end":{"line":126,"column":68}}],"line":126},"5":{"loc":{"start":{"line":129,"column":13},"end":{"line":129,"column":30}},"type":"binary-expr","locations":[{"start":{"line":129,"column":13},"end":{"line":129,"column":23}},{"start":{"line":129,"column":27},"end":{"line":129,"column":30}}],"line":129}},"s":{"0":1,"1":1,"2":1,"3":1,"4":1,"5":1,"6":1,"7":1,"8":1,"9":1,"10":1,"11":1,"12":1,"13":1,"14":1,"15":1,"16":1,"17":1,"18":1,"19":1,"20":1,"21":1,"22":1,"23":1,"24":1,"25":1,"26":1,"27":1,"28":1,"29":1,"30":1,"31":1,"32":1,"33":1,"34":1,"35":1,"36":1,"37":1,"38":1,"39":0,"40":1,"41":0,"42":0,"43":1,"44":1,"45":0,"46":1,"47":0,"48":0,"49":0,"50":0,"51":0,"52":1,"53":1,"54":1,"55":1,"56":1,"57":1,"58":1,"59":1,"60":1,"61":1,"62":1,"63":1,"64":0,"65":1,"66":0,"67":0,"68":0,"69":0,"70":1},"f":{"0":1,"1":0,"2":0,"3":0,"4":0,"5":0,"6":0},"b":{"0":[1,0],"1":[1,1],"2":[0,1],"3":[1,0],"4":[0,0],"5":[0,0]},"_coverageSchema":"332fd63041d2c1bcb487cc26dd0d5f7d97098a6c","hash":"46f761063b718a62d9c7237d24fe68bd2e14bc34","contentHash":"9432e839d5d28c48f22a5f91cbce63f5_11.9.0"},"c:\\Users\\Pasquale\\Documents\\SuperActivatorNodeNg\\config\\config.js":{"path":"c:\\Users\\Pasquale\\Documents\\SuperActivatorNodeNg\\config\\config.js","statementMap":{"0":{"start":{"line":1,"column":0},"end":{"line":1,"column":27}},"1":{"start":{"line":3,"column":0},"end":{"line":3,"column":12}},"2":{"start":{"line":5,"column":0},"end":{"line":5,"column":39}},"3":{"start":{"line":6,"column":0},"end":{"line":6,"column":41}},"4":{"start":{"line":8,"column":0},"end":{"line":29,"column":1}},"5":{"start":{"line":9,"column":2},"end":{"line":9,"column":71}},"6":{"start":{"line":10,"column":2},"end":{"line":10,"column":61}},"7":{"start":{"line":11,"column":2},"end":{"line":11,"column":66}},"8":{"start":{"line":12,"column":2},"end":{"line":12,"column":60}},"9":{"start":{"line":13,"column":2},"end":{"line":13,"column":58}},"10":{"start":{"line":14,"column":2},"end":{"line":14,"column":53}},"11":{"start":{"line":15,"column":7},"end":{"line":29,"column":1}},"12":{"start":{"line":16,"column":2},"end":{"line":16,"column":78}},"13":{"start":{"line":17,"column":2},"end":{"line":17,"column":62}},"14":{"start":{"line":18,"column":2},"end":{"line":18,"column":67}},"15":{"start":{"line":19,"column":2},"end":{"line":19,"column":61}},"16":{"start":{"line":20,"column":2},"end":{"line":20,"column":59}},"17":{"start":{"line":21,"column":2},"end":{"line":21,"column":54}},"18":{"start":{"line":22,"column":7},"end":{"line":29,"column":1}},"19":{"start":{"line":23,"column":2},"end":{"line":23,"column":44}},"20":{"start":{"line":24,"column":2},"end":{"line":24,"column":44}},"21":{"start":{"line":25,"column":2},"end":{"line":25,"column":52}},"22":{"start":{"line":26,"column":2},"end":{"line":26,"column":50}},"23":{"start":{"line":27,"column":2},"end":{"line":27,"column":44}},"24":{"start":{"line":28,"column":2},"end":{"line":28,"column":44}},"25":{"start":{"line":31,"column":0},"end":{"line":31,"column":64}},"26":{"start":{"line":33,"column":0},"end":{"line":33,"column":69}},"27":{"start":{"line":34,"column":0},"end":{"line":34,"column":65}}},"fnMap":{},"branchMap":{"0":{"loc":{"start":{"line":5,"column":13},"end":{"line":5,"column":38}},"type":"binary-expr","locations":[{"start":{"line":5,"column":13},"end":{"line":5,"column":28}},{"start":{"line":5,"column":32},"end":{"line":5,"column":38}}],"line":5},"1":{"loc":{"start":{"line":6,"column":14},"end":{"line":6,"column":40}},"type":"binary-expr","locations":[{"start":{"line":6,"column":14},"end":{"line":6,"column":30}},{"start":{"line":6,"column":34},"end":{"line":6,"column":40}}],"line":6},"2":{"loc":{"start":{"line":8,"column":0},"end":{"line":29,"column":1}},"type":"if","locations":[{"start":{"line":8,"column":0},"end":{"line":29,"column":1}},{"start":{"line":8,"column":0},"end":{"line":29,"column":1}}],"line":8},"3":{"loc":{"start":{"line":9,"column":19},"end":{"line":9,"column":70}},"type":"binary-expr","locations":[{"start":{"line":9,"column":19},"end":{"line":9,"column":42}},{"start":{"line":9,"column":46},"end":{"line":9,"column":70}}],"line":9},"4":{"loc":{"start":{"line":10,"column":19},"end":{"line":10,"column":60}},"type":"binary-expr","locations":[{"start":{"line":10,"column":19},"end":{"line":10,"column":42}},{"start":{"line":10,"column":46},"end":{"line":10,"column":60}}],"line":10},"5":{"loc":{"start":{"line":11,"column":23},"end":{"line":11,"column":65}},"type":"binary-expr","locations":[{"start":{"line":11,"column":23},"end":{"line":11,"column":50}},{"start":{"line":11,"column":54},"end":{"line":11,"column":65}}],"line":11},"6":{"loc":{"start":{"line":12,"column":22},"end":{"line":12,"column":59}},"type":"binary-expr","locations":[{"start":{"line":12,"column":22},"end":{"line":12,"column":48}},{"start":{"line":12,"column":52},"end":{"line":12,"column":59}}],"line":12},"7":{"loc":{"start":{"line":13,"column":19},"end":{"line":13,"column":57}},"type":"binary-expr","locations":[{"start":{"line":13,"column":19},"end":{"line":13,"column":42}},{"start":{"line":13,"column":46},"end":{"line":13,"column":57}}],"line":13},"8":{"loc":{"start":{"line":14,"column":19},"end":{"line":14,"column":52}},"type":"binary-expr","locations":[{"start":{"line":14,"column":19},"end":{"line":14,"column":42}},{"start":{"line":14,"column":46},"end":{"line":14,"column":52}}],"line":14},"9":{"loc":{"start":{"line":15,"column":7},"end":{"line":29,"column":1}},"type":"if","locations":[{"start":{"line":15,"column":7},"end":{"line":29,"column":1}},{"start":{"line":15,"column":7},"end":{"line":29,"column":1}}],"line":15},"10":{"loc":{"start":{"line":16,"column":19},"end":{"line":16,"column":77}},"type":"binary-expr","locations":[{"start":{"line":16,"column":19},"end":{"line":16,"column":43}},{"start":{"line":16,"column":47},"end":{"line":16,"column":77}}],"line":16},"11":{"loc":{"start":{"line":17,"column":19},"end":{"line":17,"column":61}},"type":"binary-expr","locations":[{"start":{"line":17,"column":19},"end":{"line":17,"column":43}},{"start":{"line":17,"column":47},"end":{"line":17,"column":61}}],"line":17},"12":{"loc":{"start":{"line":18,"column":23},"end":{"line":18,"column":66}},"type":"binary-expr","locations":[{"start":{"line":18,"column":23},"end":{"line":18,"column":51}},{"start":{"line":18,"column":55},"end":{"line":18,"column":66}}],"line":18},"13":{"loc":{"start":{"line":19,"column":22},"end":{"line":19,"column":60}},"type":"binary-expr","locations":[{"start":{"line":19,"column":22},"end":{"line":19,"column":49}},{"start":{"line":19,"column":53},"end":{"line":19,"column":60}}],"line":19},"14":{"loc":{"start":{"line":20,"column":19},"end":{"line":20,"column":58}},"type":"binary-expr","locations":[{"start":{"line":20,"column":19},"end":{"line":20,"column":43}},{"start":{"line":20,"column":47},"end":{"line":20,"column":58}}],"line":20},"15":{"loc":{"start":{"line":21,"column":19},"end":{"line":21,"column":53}},"type":"binary-expr","locations":[{"start":{"line":21,"column":19},"end":{"line":21,"column":43}},{"start":{"line":21,"column":47},"end":{"line":21,"column":53}}],"line":21},"16":{"loc":{"start":{"line":22,"column":7},"end":{"line":29,"column":1}},"type":"if","locations":[{"start":{"line":22,"column":7},"end":{"line":29,"column":1}},{"start":{"line":22,"column":7},"end":{"line":29,"column":1}}],"line":22},"17":{"loc":{"start":{"line":31,"column":16},"end":{"line":31,"column":63}},"type":"binary-expr","locations":[{"start":{"line":31,"column":16},"end":{"line":31,"column":34}},{"start":{"line":31,"column":38},"end":{"line":31,"column":63}}],"line":31},"18":{"loc":{"start":{"line":33,"column":24},"end":{"line":33,"column":68}},"type":"binary-expr","locations":[{"start":{"line":33,"column":24},"end":{"line":33,"column":50}},{"start":{"line":33,"column":54},"end":{"line":33,"column":68}}],"line":33},"19":{"loc":{"start":{"line":34,"column":24},"end":{"line":34,"column":64}},"type":"binary-expr","locations":[{"start":{"line":34,"column":24},"end":{"line":34,"column":50}},{"start":{"line":34,"column":54},"end":{"line":34,"column":64}}],"line":34}},"s":{"0":1,"1":1,"2":1,"3":1,"4":1,"5":0,"6":0,"7":0,"8":0,"9":0,"10":0,"11":1,"12":1,"13":1,"14":1,"15":1,"16":1,"17":1,"18":0,"19":0,"20":0,"21":0,"22":0,"23":0,"24":0,"25":1,"26":1,"27":1},"f":{},"b":{"0":[1,0],"1":[1,0],"2":[0,1],"3":[0,0],"4":[0,0],"5":[0,0],"6":[0,0],"7":[0,0],"8":[0,0],"9":[1,0],"10":[1,0],"11":[1,0],"12":[1,0],"13":[1,0],"14":[1,0],"15":[1,0],"16":[0,0],"17":[1,0],"18":[1,0],"19":[1,0]},"_coverageSchema":"332fd63041d2c1bcb487cc26dd0d5f7d97098a6c","hash":"04e74424114d6dbf9a414b4d8e77673fa582e07b","contentHash":"56a0eebe724c0da4f014bf37bf48d071_11.9.0"},"c:\\Users\\Pasquale\\Documents\\SuperActivatorNodeNg\\global_functions.js":{"path":"c:\\Users\\Pasquale\\Documents\\SuperActivatorNodeNg\\global_functions.js","statementMap":{"0":{"start":{"line":1,"column":0},"end":{"line":8,"column":2}},"1":{"start":{"line":2,"column":4},"end":{"line":7,"column":6}},"2":{"start":{"line":4,"column":8},"end":{"line":4,"column":28}},"3":{"start":{"line":6,"column":8},"end":{"line":6,"column":17}},"4":{"start":{"line":10,"column":0},"end":{"line":10,"column":28}},"5":{"start":{"line":12,"column":0},"end":{"line":18,"column":2}},"6":{"start":{"line":13,"column":4},"end":{"line":15,"column":5}},"7":{"start":{"line":14,"column":8},"end":{"line":14,"column":35}},"8":{"start":{"line":17,"column":4},"end":{"line":17,"column":33}},"9":{"start":{"line":20,"column":0},"end":{"line":28,"column":2}},"10":{"start":{"line":21,"column":4},"end":{"line":23,"column":5}},"11":{"start":{"line":22,"column":8},"end":{"line":22,"column":26}},"12":{"start":{"line":25,"column":4},"end":{"line":25,"column":58}},"13":{"start":{"line":25,"column":36},"end":{"line":25,"column":58}},"14":{"start":{"line":27,"column":4},"end":{"line":27,"column":49}},"15":{"start":{"line":30,"column":0},"end":{"line":40,"column":2}},"16":{"start":{"line":31,"column":20},"end":{"line":31,"column":34}},"17":{"start":{"line":33,"column":4},"end":{"line":35,"column":5}},"18":{"start":{"line":34,"column":8},"end":{"line":34,"column":51}},"19":{"start":{"line":37,"column":4},"end":{"line":37,"column":58}},"20":{"start":{"line":37,"column":36},"end":{"line":37,"column":58}},"21":{"start":{"line":39,"column":4},"end":{"line":39,"column":30}},"22":{"start":{"line":43,"column":0},"end":{"line":45,"column":3}},"23":{"start":{"line":44,"column":4},"end":{"line":44,"column":47}}},"fnMap":{"0":{"name":"(anonymous_0)","decl":{"start":{"line":1,"column":5},"end":{"line":1,"column":6}},"loc":{"start":{"line":1,"column":23},"end":{"line":8,"column":1}},"line":1},"1":{"name":"(anonymous_1)","decl":{"start":{"line":3,"column":10},"end":{"line":3,"column":11}},"loc":{"start":{"line":3,"column":18},"end":{"line":5,"column":5}},"line":3},"2":{"name":"(anonymous_2)","decl":{"start":{"line":5,"column":13},"end":{"line":5,"column":14}},"loc":{"start":{"line":6,"column":8},"end":{"line":6,"column":17}},"line":6},"3":{"name":"(anonymous_3)","decl":{"start":{"line":12,"column":5},"end":{"line":12,"column":6}},"loc":{"start":{"line":12,"column":31},"end":{"line":18,"column":1}},"line":12},"4":{"name":"(anonymous_4)","decl":{"start":{"line":20,"column":6},"end":{"line":20,"column":7}},"loc":{"start":{"line":20,"column":30},"end":{"line":28,"column":1}},"line":20},"5":{"name":"(anonymous_5)","decl":{"start":{"line":30,"column":6},"end":{"line":30,"column":7}},"loc":{"start":{"line":30,"column":31},"end":{"line":40,"column":1}},"line":30},"6":{"name":"(anonymous_6)","decl":{"start":{"line":43,"column":33},"end":{"line":43,"column":34}},"loc":{"start":{"line":43,"column":42},"end":{"line":45,"column":1}},"line":43}},"branchMap":{"0":{"loc":{"start":{"line":13,"column":4},"end":{"line":15,"column":5}},"type":"if","locations":[{"start":{"line":13,"column":4},"end":{"line":15,"column":5}},{"start":{"line":13,"column":4},"end":{"line":15,"column":5}}],"line":13},"1":{"loc":{"start":{"line":21,"column":4},"end":{"line":23,"column":5}},"type":"if","locations":[{"start":{"line":21,"column":4},"end":{"line":23,"column":5}},{"start":{"line":21,"column":4},"end":{"line":23,"column":5}}],"line":21},"2":{"loc":{"start":{"line":21,"column":7},"end":{"line":21,"column":66}},"type":"binary-expr","locations":[{"start":{"line":21,"column":7},"end":{"line":21,"column":29}},{"start":{"line":21,"column":33},"end":{"line":21,"column":66}}],"line":21},"3":{"loc":{"start":{"line":25,"column":4},"end":{"line":25,"column":58}},"type":"if","locations":[{"start":{"line":25,"column":4},"end":{"line":25,"column":58}},{"start":{"line":25,"column":4},"end":{"line":25,"column":58}}],"line":25},"4":{"loc":{"start":{"line":33,"column":4},"end":{"line":35,"column":5}},"type":"if","locations":[{"start":{"line":33,"column":4},"end":{"line":35,"column":5}},{"start":{"line":33,"column":4},"end":{"line":35,"column":5}}],"line":33},"5":{"loc":{"start":{"line":37,"column":4},"end":{"line":37,"column":58}},"type":"if","locations":[{"start":{"line":37,"column":4},"end":{"line":37,"column":58}},{"start":{"line":37,"column":4},"end":{"line":37,"column":58}}],"line":37}},"s":{"0":1,"1":0,"2":0,"3":0,"4":1,"5":1,"6":0,"7":0,"8":0,"9":1,"10":0,"11":0,"12":0,"13":0,"14":0,"15":1,"16":0,"17":0,"18":0,"19":0,"20":0,"21":0,"22":1,"23":0},"f":{"0":0,"1":0,"2":0,"3":0,"4":0,"5":0,"6":0},"b":{"0":[0,0],"1":[0,0],"2":[0,0],"3":[0,0],"4":[0,0],"5":[0,0]},"_coverageSchema":"332fd63041d2c1bcb487cc26dd0d5f7d97098a6c","hash":"a33b7025f3a91c101a06de8a9e3d6a7f81888bf2","contentHash":"52a616d0deeca90297fc76b7477e782c_11.9.0"},"c:\\Users\\Pasquale\\Documents\\SuperActivatorNodeNg\\middleware\\index.js":{"path":"c:\\Users\\Pasquale\\Documents\\SuperActivatorNodeNg\\middleware\\index.js","statementMap":{"0":{"start":{"line":1,"column":12},"end":{"line":1,"column":35}},"1":{"start":{"line":2,"column":31},"end":{"line":2,"column":91}},"2":{"start":{"line":3,"column":18},"end":{"line":3,"column":69}},"3":{"start":{"line":6,"column":4},"end":{"line":8,"column":5}},"4":{"start":{"line":7,"column":8},"end":{"line":7,"column":57}},"5":{"start":{"line":9,"column":18},"end":{"line":9,"column":57}},"6":{"start":{"line":10,"column":4},"end":{"line":13,"column":5}},"7":{"start":{"line":11,"column":8},"end":{"line":11,"column":28}},"8":{"start":{"line":12,"column":8},"end":{"line":12,"column":58}},"9":{"start":{"line":14,"column":23},"end":{"line":14,"column":63}},"10":{"start":{"line":15,"column":4},"end":{"line":17,"column":5}},"11":{"start":{"line":16,"column":8},"end":{"line":16,"column":63}},"12":{"start":{"line":18,"column":4},"end":{"line":18,"column":35}},"13":{"start":{"line":19,"column":4},"end":{"line":19,"column":43}},"14":{"start":{"line":21,"column":4},"end":{"line":21,"column":58}},"15":{"start":{"line":22,"column":4},"end":{"line":22,"column":72}},"16":{"start":{"line":24,"column":4},"end":{"line":24,"column":11}},"17":{"start":{"line":28,"column":4},"end":{"line":43,"column":6}},"18":{"start":{"line":29,"column":8},"end":{"line":29,"column":38}},"19":{"start":{"line":30,"column":8},"end":{"line":30,"column":54}},"20":{"start":{"line":31,"column":8},"end":{"line":31,"column":42}},"21":{"start":{"line":34,"column":8},"end":{"line":42,"column":11}},"22":{"start":{"line":35,"column":12},"end":{"line":39,"column":13}},"23":{"start":{"line":36,"column":16},"end":{"line":36,"column":85}},"24":{"start":{"line":37,"column":19},"end":{"line":39,"column":13}},"25":{"start":{"line":38,"column":16},"end":{"line":38,"column":23}},"26":{"start":{"line":41,"column":12},"end":{"line":41,"column":46}},"27":{"start":{"line":47,"column":4},"end":{"line":57,"column":6}},"28":{"start":{"line":48,"column":21},"end":{"line":48,"column":81}},"29":{"start":{"line":50,"column":8},"end":{"line":56,"column":11}},"30":{"start":{"line":52,"column":12},"end":{"line":55,"column":50}},"31":{"start":{"line":54,"column":16},"end":{"line":54,"column":23}},"32":{"start":{"line":55,"column":28},"end":{"line":55,"column":48}},"33":{"start":{"line":61,"column":4},"end":{"line":72,"column":6}},"34":{"start":{"line":62,"column":21},"end":{"line":62,"column":81}},"35":{"start":{"line":64,"column":8},"end":{"line":71,"column":11}},"36":{"start":{"line":66,"column":12},"end":{"line":70,"column":50}},"37":{"start":{"line":69,"column":16},"end":{"line":69,"column":23}},"38":{"start":{"line":70,"column":28},"end":{"line":70,"column":48}},"39":{"start":{"line":75,"column":0},"end":{"line":80,"column":2}}},"fnMap":{"0":{"name":"verifyToken","decl":{"start":{"line":5,"column":9},"end":{"line":5,"column":20}},"loc":{"start":{"line":5,"column":37},"end":{"line":25,"column":1}},"line":5},"1":{"name":"can","decl":{"start":{"line":27,"column":9},"end":{"line":27,"column":12}},"loc":{"start":{"line":27,"column":35},"end":{"line":44,"column":1}},"line":27},"2":{"name":"(anonymous_2)","decl":{"start":{"line":28,"column":11},"end":{"line":28,"column":12}},"loc":{"start":{"line":28,"column":31},"end":{"line":43,"column":5}},"line":28},"3":{"name":"(anonymous_3)","decl":{"start":{"line":34,"column":66},"end":{"line":34,"column":67}},"loc":{"start":{"line":34,"column":73},"end":{"line":40,"column":9}},"line":34},"4":{"name":"(anonymous_4)","decl":{"start":{"line":40,"column":17},"end":{"line":40,"column":18}},"loc":{"start":{"line":40,"column":24},"end":{"line":42,"column":9}},"line":40},"5":{"name":"allow","decl":{"start":{"line":46,"column":9},"end":{"line":46,"column":14}},"loc":{"start":{"line":46,"column":37},"end":{"line":58,"column":1}},"line":46},"6":{"name":"(anonymous_6)","decl":{"start":{"line":47,"column":11},"end":{"line":47,"column":12}},"loc":{"start":{"line":47,"column":31},"end":{"line":57,"column":5}},"line":47},"7":{"name":"(anonymous_7)","decl":{"start":{"line":50,"column":40},"end":{"line":50,"column":41}},"loc":{"start":{"line":50,"column":50},"end":{"line":56,"column":9}},"line":50},"8":{"name":"(anonymous_8)","decl":{"start":{"line":52,"column":53},"end":{"line":52,"column":54}},"loc":{"start":{"line":52,"column":63},"end":{"line":55,"column":13}},"line":52},"9":{"name":"(anonymous_9)","decl":{"start":{"line":55,"column":21},"end":{"line":55,"column":22}},"loc":{"start":{"line":55,"column":28},"end":{"line":55,"column":48}},"line":55},"10":{"name":"disallow","decl":{"start":{"line":60,"column":9},"end":{"line":60,"column":17}},"loc":{"start":{"line":60,"column":40},"end":{"line":73,"column":1}},"line":60},"11":{"name":"(anonymous_11)","decl":{"start":{"line":61,"column":11},"end":{"line":61,"column":12}},"loc":{"start":{"line":61,"column":31},"end":{"line":72,"column":5}},"line":61},"12":{"name":"(anonymous_12)","decl":{"start":{"line":64,"column":40},"end":{"line":64,"column":41}},"loc":{"start":{"line":64,"column":50},"end":{"line":71,"column":9}},"line":64},"13":{"name":"(anonymous_13)","decl":{"start":{"line":66,"column":54},"end":{"line":66,"column":55}},"loc":{"start":{"line":66,"column":70},"end":{"line":70,"column":13}},"line":66},"14":{"name":"(anonymous_14)","decl":{"start":{"line":70,"column":21},"end":{"line":70,"column":22}},"loc":{"start":{"line":70,"column":28},"end":{"line":70,"column":48}},"line":70}},"branchMap":{"0":{"loc":{"start":{"line":6,"column":4},"end":{"line":8,"column":5}},"type":"if","locations":[{"start":{"line":6,"column":4},"end":{"line":8,"column":5}},{"start":{"line":6,"column":4},"end":{"line":8,"column":5}}],"line":6},"1":{"loc":{"start":{"line":10,"column":4},"end":{"line":13,"column":5}},"type":"if","locations":[{"start":{"line":10,"column":4},"end":{"line":13,"column":5}},{"start":{"line":10,"column":4},"end":{"line":13,"column":5}}],"line":10},"2":{"loc":{"start":{"line":15,"column":4},"end":{"line":17,"column":5}},"type":"if","locations":[{"start":{"line":15,"column":4},"end":{"line":17,"column":5}},{"start":{"line":15,"column":4},"end":{"line":17,"column":5}}],"line":15},"3":{"loc":{"start":{"line":29,"column":17},"end":{"line":29,"column":37}},"type":"binary-expr","locations":[{"start":{"line":29,"column":17},"end":{"line":29,"column":27}},{"start":{"line":29,"column":31},"end":{"line":29,"column":37}}],"line":29},"4":{"loc":{"start":{"line":35,"column":12},"end":{"line":39,"column":13}},"type":"if","locations":[{"start":{"line":35,"column":12},"end":{"line":39,"column":13}},{"start":{"line":35,"column":12},"end":{"line":39,"column":13}}],"line":35},"5":{"loc":{"start":{"line":37,"column":19},"end":{"line":39,"column":13}},"type":"if","locations":[{"start":{"line":37,"column":19},"end":{"line":39,"column":13}},{"start":{"line":37,"column":19},"end":{"line":39,"column":13}}],"line":37},"6":{"loc":{"start":{"line":48,"column":21},"end":{"line":48,"column":81}},"type":"binary-expr","locations":[{"start":{"line":48,"column":21},"end":{"line":48,"column":29}},{"start":{"line":48,"column":33},"end":{"line":48,"column":75}},{"start":{"line":48,"column":79},"end":{"line":48,"column":81}}],"line":48},"7":{"loc":{"start":{"line":62,"column":21},"end":{"line":62,"column":81}},"type":"binary-expr","locations":[{"start":{"line":62,"column":21},"end":{"line":62,"column":29}},{"start":{"line":62,"column":33},"end":{"line":62,"column":75}},{"start":{"line":62,"column":79},"end":{"line":62,"column":81}}],"line":62}},"s":{"0":1,"1":1,"2":1,"3":0,"4":0,"5":0,"6":0,"7":0,"8":0,"9":0,"10":0,"11":0,"12":0,"13":0,"14":0,"15":0,"16":0,"17":14,"18":0,"19":0,"20":0,"21":0,"22":0,"23":0,"24":0,"25":0,"26":0,"27":0,"28":0,"29":0,"30":0,"31":0,"32":0,"33":0,"34":0,"35":0,"36":0,"37":0,"38":0,"39":1},"f":{"0":0,"1":14,"2":0,"3":0,"4":0,"5":0,"6":0,"7":0,"8":0,"9":0,"10":0,"11":0,"12":0,"13":0,"14":0},"b":{"0":[0,0],"1":[0,0],"2":[0,0],"3":[0,0],"4":[0,0],"5":[0,0],"6":[0,0,0],"7":[0,0,0]},"_coverageSchema":"332fd63041d2c1bcb487cc26dd0d5f7d97098a6c","hash":"5b5f5a6f2f466c2527a7f186ee0ce83728427508","contentHash":"53261eba1c05a9864468917267e9db61_11.9.0"},"c:\\Users\\Pasquale\\Documents\\SuperActivatorNodeNg\\repositories\\utenti-permessi.server.repository.js":{"path":"c:\\Users\\Pasquale\\Documents\\SuperActivatorNodeNg\\repositories\\utenti-permessi.server.repository.js","statementMap":{"0":{"start":{"line":1,"column":11},"end":{"line":1,"column":31}},"1":{"start":{"line":5,"column":4},"end":{"line":5,"column":39}},"2":{"start":{"line":9,"column":4},"end":{"line":9,"column":42}},"3":{"start":{"line":13,"column":4},"end":{"line":13,"column":41}},"4":{"start":{"line":17,"column":4},"end":{"line":17,"column":69}},"5":{"start":{"line":21,"column":4},"end":{"line":21,"column":92}},"6":{"start":{"line":25,"column":4},"end":{"line":29,"column":6}},"7":{"start":{"line":33,"column":4},"end":{"line":37,"column":6}},"8":{"start":{"line":41,"column":4},"end":{"line":41,"column":45}},"9":{"start":{"line":46,"column":17},"end":{"line":46,"column":33}},"10":{"start":{"line":48,"column":0},"end":{"line":48,"column":28}}},"fnMap":{"0":{"name":"(anonymous_0)","decl":{"start":{"line":4,"column":2},"end":{"line":4,"column":3}},"loc":{"start":{"line":4,"column":12},"end":{"line":6,"column":3}},"line":4},"1":{"name":"(anonymous_1)","decl":{"start":{"line":8,"column":2},"end":{"line":8,"column":3}},"loc":{"start":{"line":8,"column":15},"end":{"line":10,"column":3}},"line":8},"2":{"name":"(anonymous_2)","decl":{"start":{"line":12,"column":2},"end":{"line":12,"column":3}},"loc":{"start":{"line":12,"column":15},"end":{"line":14,"column":3}},"line":12},"3":{"name":"(anonymous_3)","decl":{"start":{"line":16,"column":2},"end":{"line":16,"column":3}},"loc":{"start":{"line":16,"column":25},"end":{"line":18,"column":3}},"line":16},"4":{"name":"(anonymous_4)","decl":{"start":{"line":20,"column":2},"end":{"line":20,"column":3}},"loc":{"start":{"line":20,"column":32},"end":{"line":22,"column":3}},"line":20},"5":{"name":"(anonymous_5)","decl":{"start":{"line":24,"column":2},"end":{"line":24,"column":3}},"loc":{"start":{"line":24,"column":14},"end":{"line":30,"column":3}},"line":24},"6":{"name":"(anonymous_6)","decl":{"start":{"line":32,"column":2},"end":{"line":32,"column":3}},"loc":{"start":{"line":32,"column":22},"end":{"line":38,"column":3}},"line":32},"7":{"name":"(anonymous_7)","decl":{"start":{"line":40,"column":2},"end":{"line":40,"column":3}},"loc":{"start":{"line":40,"column":19},"end":{"line":42,"column":3}},"line":40}},"branchMap":{},"s":{"0":1,"1":0,"2":0,"3":0,"4":0,"5":0,"6":0,"7":0,"8":0,"9":1,"10":1},"f":{"0":0,"1":0,"2":0,"3":0,"4":0,"5":0,"6":0,"7":0},"b":{},"_coverageSchema":"332fd63041d2c1bcb487cc26dd0d5f7d97098a6c","hash":"9b1ff4ab7a81eeb961f5a67de746b660750e9596","contentHash":"d89534bb5de5aa5d0625a3dbb0294d49_11.9.0"},"c:\\Users\\Pasquale\\Documents\\SuperActivatorNodeNg\\models\\index.js":{"path":"c:\\Users\\Pasquale\\Documents\\SuperActivatorNodeNg\\models\\index.js","statementMap":{"0":{"start":{"line":3,"column":11},"end":{"line":3,"column":24}},"1":{"start":{"line":4,"column":13},"end":{"line":4,"column":28}},"2":{"start":{"line":5,"column":18},"end":{"line":5,"column":38}},"3":{"start":{"line":7,"column":17},"end":{"line":7,"column":42}},"4":{"start":{"line":10,"column":11},"end":{"line":10,"column":13}},"5":{"start":{"line":12,"column":18},"end":{"line":19,"column":2}},"6":{"start":{"line":21,"column":0},"end":{"line":29,"column":5}},"7":{"start":{"line":24,"column":4},"end":{"line":24,"column":90}},"8":{"start":{"line":27,"column":16},"end":{"line":27,"column":63}},"9":{"start":{"line":28,"column":4},"end":{"line":28,"column":27}},"10":{"start":{"line":31,"column":0},"end":{"line":35,"column":3}},"11":{"start":{"line":32,"column":2},"end":{"line":34,"column":3}},"12":{"start":{"line":33,"column":4},"end":{"line":33,"column":32}},"13":{"start":{"line":37,"column":0},"end":{"line":37,"column":25}},"14":{"start":{"line":38,"column":0},"end":{"line":38,"column":25}},"15":{"start":{"line":41,"column":0},"end":{"line":41,"column":54}},"16":{"start":{"line":42,"column":0},"end":{"line":42,"column":60}},"17":{"start":{"line":43,"column":0},"end":{"line":43,"column":56}},"18":{"start":{"line":44,"column":0},"end":{"line":44,"column":48}},"19":{"start":{"line":45,"column":0},"end":{"line":45,"column":56}},"20":{"start":{"line":46,"column":0},"end":{"line":46,"column":46}},"21":{"start":{"line":47,"column":0},"end":{"line":47,"column":71}},"22":{"start":{"line":48,"column":0},"end":{"line":48,"column":67}},"23":{"start":{"line":54,"column":0},"end":{"line":54,"column":20}}},"fnMap":{"0":{"name":"(anonymous_0)","decl":{"start":{"line":23,"column":10},"end":{"line":23,"column":11}},"loc":{"start":{"line":23,"column":18},"end":{"line":25,"column":3}},"line":23},"1":{"name":"(anonymous_1)","decl":{"start":{"line":26,"column":11},"end":{"line":26,"column":12}},"loc":{"start":{"line":26,"column":19},"end":{"line":29,"column":3}},"line":26},"2":{"name":"(anonymous_2)","decl":{"start":{"line":31,"column":24},"end":{"line":31,"column":25}},"loc":{"start":{"line":31,"column":37},"end":{"line":35,"column":1}},"line":31}},"branchMap":{"0":{"loc":{"start":{"line":24,"column":11},"end":{"line":24,"column":89}},"type":"binary-expr","locations":[{"start":{"line":24,"column":12},"end":{"line":24,"column":35}},{"start":{"line":24,"column":41},"end":{"line":24,"column":58}},{"start":{"line":24,"column":64},"end":{"line":24,"column":88}}],"line":24},"1":{"loc":{"start":{"line":32,"column":2},"end":{"line":34,"column":3}},"type":"if","locations":[{"start":{"line":32,"column":2},"end":{"line":34,"column":3}},{"start":{"line":32,"column":2},"end":{"line":34,"column":3}}],"line":32}},"s":{"0":1,"1":1,"2":1,"3":1,"4":1,"5":1,"6":1,"7":9,"8":8,"9":8,"10":1,"11":8,"12":8,"13":1,"14":1,"15":1,"16":1,"17":1,"18":1,"19":1,"20":1,"21":1,"22":1,"23":1},"f":{"0":9,"1":8,"2":8},"b":{"0":[9,9,8],"1":[8,0]},"_coverageSchema":"332fd63041d2c1bcb487cc26dd0d5f7d97098a6c","hash":"9a5e59005e22e60ec033f9af9883ab4a015ac2bd","contentHash":"1888082654f30e4262bf061a7b650cb6_11.9.0"},"c:\\Users\\Pasquale\\Documents\\SuperActivatorNodeNg\\models\\clienti.js":{"path":"c:\\Users\\Pasquale\\Documents\\SuperActivatorNodeNg\\models\\clienti.js","statementMap":{"0":{"start":{"line":2,"column":0},"end":{"line":56,"column":2}},"1":{"start":{"line":3,"column":16},"end":{"line":51,"column":6}},"2":{"start":{"line":52,"column":2},"end":{"line":54,"column":4}},"3":{"start":{"line":55,"column":2},"end":{"line":55,"column":17}}},"fnMap":{"0":{"name":"(anonymous_0)","decl":{"start":{"line":2,"column":17},"end":{"line":2,"column":18}},"loc":{"start":{"line":2,"column":43},"end":{"line":56,"column":1}},"line":2},"1":{"name":"(anonymous_1)","decl":{"start":{"line":52,"column":22},"end":{"line":52,"column":23}},"loc":{"start":{"line":52,"column":40},"end":{"line":54,"column":3}},"line":52}},"branchMap":{},"s":{"0":1,"1":2,"2":2,"3":2},"f":{"0":2,"1":1},"b":{},"_coverageSchema":"332fd63041d2c1bcb487cc26dd0d5f7d97098a6c","hash":"41e6aa0212cd7c3cb2e1ce5084d6d07b59fe459a","contentHash":"c3fd63e3bd8f551ec5e7e326506f161f_11.9.0"},"c:\\Users\\Pasquale\\Documents\\SuperActivatorNodeNg\\models\\custom-styles.js":{"path":"c:\\Users\\Pasquale\\Documents\\SuperActivatorNodeNg\\models\\custom-styles.js","statementMap":{"0":{"start":{"line":2,"column":0},"end":{"line":38,"column":2}},"1":{"start":{"line":3,"column":21},"end":{"line":33,"column":6}},"2":{"start":{"line":34,"column":2},"end":{"line":36,"column":4}},"3":{"start":{"line":37,"column":2},"end":{"line":37,"column":22}}},"fnMap":{"0":{"name":"(anonymous_0)","decl":{"start":{"line":2,"column":17},"end":{"line":2,"column":18}},"loc":{"start":{"line":2,"column":43},"end":{"line":38,"column":1}},"line":2},"1":{"name":"(anonymous_1)","decl":{"start":{"line":34,"column":27},"end":{"line":34,"column":28}},"loc":{"start":{"line":34,"column":45},"end":{"line":36,"column":3}},"line":34}},"branchMap":{},"s":{"0":1,"1":2,"2":2,"3":2},"f":{"0":2,"1":1},"b":{},"_coverageSchema":"332fd63041d2c1bcb487cc26dd0d5f7d97098a6c","hash":"c4515fa286758cc340282caa9bba1e4a1cf5c18d","contentHash":"f9b4dbb3ce5104977875a93c25d90dd1_11.9.0"},"c:\\Users\\Pasquale\\Documents\\SuperActivatorNodeNg\\models\\matricole.js":{"path":"c:\\Users\\Pasquale\\Documents\\SuperActivatorNodeNg\\models\\matricole.js","statementMap":{"0":{"start":{"line":2,"column":0},"end":{"line":42,"column":2}},"1":{"start":{"line":3,"column":18},"end":{"line":37,"column":4}},"2":{"start":{"line":38,"column":2},"end":{"line":40,"column":4}},"3":{"start":{"line":41,"column":2},"end":{"line":41,"column":19}}},"fnMap":{"0":{"name":"(anonymous_0)","decl":{"start":{"line":2,"column":17},"end":{"line":2,"column":18}},"loc":{"start":{"line":2,"column":43},"end":{"line":42,"column":1}},"line":2},"1":{"name":"(anonymous_1)","decl":{"start":{"line":38,"column":24},"end":{"line":38,"column":25}},"loc":{"start":{"line":38,"column":41},"end":{"line":40,"column":3}},"line":38}},"branchMap":{},"s":{"0":1,"1":2,"2":2,"3":2},"f":{"0":2,"1":1},"b":{},"_coverageSchema":"332fd63041d2c1bcb487cc26dd0d5f7d97098a6c","hash":"49244329b0dca53b151f3b118122e883dc4deedf","contentHash":"adafc62201c93b95d74fe44ce49dce69_11.9.0"},"c:\\Users\\Pasquale\\Documents\\SuperActivatorNodeNg\\models\\pc.js":{"path":"c:\\Users\\Pasquale\\Documents\\SuperActivatorNodeNg\\models\\pc.js","statementMap":{"0":{"start":{"line":2,"column":0},"end":{"line":39,"column":2}},"1":{"start":{"line":3,"column":11},"end":{"line":34,"column":4}},"2":{"start":{"line":35,"column":2},"end":{"line":37,"column":4}},"3":{"start":{"line":38,"column":2},"end":{"line":38,"column":12}}},"fnMap":{"0":{"name":"(anonymous_0)","decl":{"start":{"line":2,"column":17},"end":{"line":2,"column":18}},"loc":{"start":{"line":2,"column":43},"end":{"line":39,"column":1}},"line":2},"1":{"name":"(anonymous_1)","decl":{"start":{"line":35,"column":17},"end":{"line":35,"column":18}},"loc":{"start":{"line":35,"column":34},"end":{"line":37,"column":3}},"line":35}},"branchMap":{},"s":{"0":1,"1":2,"2":2,"3":2},"f":{"0":2,"1":1},"b":{},"_coverageSchema":"332fd63041d2c1bcb487cc26dd0d5f7d97098a6c","hash":"6ae079a6d84627d715ff9fd2309d216fa2332213","contentHash":"b17ae8a6e717431fd8a11c62e0d73258_11.9.0"},"c:\\Users\\Pasquale\\Documents\\SuperActivatorNodeNg\\models\\rinnovi.js":{"path":"c:\\Users\\Pasquale\\Documents\\SuperActivatorNodeNg\\models\\rinnovi.js","statementMap":{"0":{"start":{"line":2,"column":0},"end":{"line":30,"column":2}},"1":{"start":{"line":3,"column":16},"end":{"line":25,"column":4}},"2":{"start":{"line":26,"column":2},"end":{"line":28,"column":4}},"3":{"start":{"line":29,"column":2},"end":{"line":29,"column":17}}},"fnMap":{"0":{"name":"(anonymous_0)","decl":{"start":{"line":2,"column":17},"end":{"line":2,"column":18}},"loc":{"start":{"line":2,"column":43},"end":{"line":30,"column":1}},"line":2},"1":{"name":"(anonymous_1)","decl":{"start":{"line":26,"column":22},"end":{"line":26,"column":23}},"loc":{"start":{"line":26,"column":39},"end":{"line":28,"column":3}},"line":26}},"branchMap":{},"s":{"0":1,"1":2,"2":2,"3":2},"f":{"0":2,"1":1},"b":{},"_coverageSchema":"332fd63041d2c1bcb487cc26dd0d5f7d97098a6c","hash":"acde280025951e88836a56b252b2b7b0d3f7dd4a","contentHash":"038fb098561f07da99f8f8547b202b94_11.9.0"},"c:\\Users\\Pasquale\\Documents\\SuperActivatorNodeNg\\models\\sks.js":{"path":"c:\\Users\\Pasquale\\Documents\\SuperActivatorNodeNg\\models\\sks.js","statementMap":{"0":{"start":{"line":2,"column":0},"end":{"line":70,"column":2}},"1":{"start":{"line":3,"column":12},"end":{"line":65,"column":6}},"2":{"start":{"line":66,"column":2},"end":{"line":68,"column":4}},"3":{"start":{"line":69,"column":2},"end":{"line":69,"column":13}}},"fnMap":{"0":{"name":"(anonymous_0)","decl":{"start":{"line":2,"column":17},"end":{"line":2,"column":18}},"loc":{"start":{"line":2,"column":43},"end":{"line":70,"column":1}},"line":2},"1":{"name":"(anonymous_1)","decl":{"start":{"line":66,"column":18},"end":{"line":66,"column":19}},"loc":{"start":{"line":66,"column":36},"end":{"line":68,"column":3}},"line":66}},"branchMap":{},"s":{"0":1,"1":2,"2":2,"3":2},"f":{"0":2,"1":1},"b":{},"_coverageSchema":"332fd63041d2c1bcb487cc26dd0d5f7d97098a6c","hash":"b2480d9611be1002861b2d7603e9592ac3e3638e","contentHash":"56fd31a5fa7aa12ba42043d3b24187c8_11.9.0"},"c:\\Users\\Pasquale\\Documents\\SuperActivatorNodeNg\\models\\utenti-permessi.js":{"path":"c:\\Users\\Pasquale\\Documents\\SuperActivatorNodeNg\\models\\utenti-permessi.js","statementMap":{"0":{"start":{"line":2,"column":0},"end":{"line":29,"column":2}},"1":{"start":{"line":3,"column":23},"end":{"line":24,"column":4}},"2":{"start":{"line":25,"column":2},"end":{"line":27,"column":4}},"3":{"start":{"line":28,"column":2},"end":{"line":28,"column":24}}},"fnMap":{"0":{"name":"(anonymous_0)","decl":{"start":{"line":2,"column":17},"end":{"line":2,"column":18}},"loc":{"start":{"line":2,"column":43},"end":{"line":29,"column":1}},"line":2},"1":{"name":"(anonymous_1)","decl":{"start":{"line":25,"column":29},"end":{"line":25,"column":30}},"loc":{"start":{"line":25,"column":47},"end":{"line":27,"column":3}},"line":25}},"branchMap":{},"s":{"0":1,"1":2,"2":2,"3":2},"f":{"0":2,"1":1},"b":{},"_coverageSchema":"332fd63041d2c1bcb487cc26dd0d5f7d97098a6c","hash":"3467b22b1d1b6e3e7e6690b4a137697e2aabd7dd","contentHash":"fe05caee55b0f1ce981bae2f1d5f811e_11.9.0"},"c:\\Users\\Pasquale\\Documents\\SuperActivatorNodeNg\\models\\utenti.js":{"path":"c:\\Users\\Pasquale\\Documents\\SuperActivatorNodeNg\\models\\utenti.js","statementMap":{"0":{"start":{"line":2,"column":0},"end":{"line":64,"column":2}},"1":{"start":{"line":3,"column":15},"end":{"line":59,"column":4}},"2":{"start":{"line":60,"column":2},"end":{"line":62,"column":4}},"3":{"start":{"line":63,"column":2},"end":{"line":63,"column":16}}},"fnMap":{"0":{"name":"(anonymous_0)","decl":{"start":{"line":2,"column":17},"end":{"line":2,"column":18}},"loc":{"start":{"line":2,"column":43},"end":{"line":64,"column":1}},"line":2},"1":{"name":"(anonymous_1)","decl":{"start":{"line":60,"column":21},"end":{"line":60,"column":22}},"loc":{"start":{"line":60,"column":39},"end":{"line":62,"column":3}},"line":60}},"branchMap":{},"s":{"0":1,"1":2,"2":2,"3":2},"f":{"0":2,"1":1},"b":{},"_coverageSchema":"332fd63041d2c1bcb487cc26dd0d5f7d97098a6c","hash":"67823ac08e0c01e0ad520d9342184026dd4ed99b","contentHash":"292499a899f2abe261acb3443b3a5bff_11.9.0"},"c:\\Users\\Pasquale\\Documents\\SuperActivatorNodeNg\\repositories\\utenti.server.repository.js":{"path":"c:\\Users\\Pasquale\\Documents\\SuperActivatorNodeNg\\repositories\\utenti.server.repository.js","statementMap":{"0":{"start":{"line":1,"column":11},"end":{"line":1,"column":31}},"1":{"start":{"line":5,"column":4},"end":{"line":5,"column":31}},"2":{"start":{"line":9,"column":4},"end":{"line":13,"column":7}},"3":{"start":{"line":17,"column":4},"end":{"line":17,"column":34}},"4":{"start":{"line":21,"column":4},"end":{"line":21,"column":34}},"5":{"start":{"line":25,"column":4},"end":{"line":25,"column":62}},"6":{"start":{"line":29,"column":4},"end":{"line":33,"column":4}},"7":{"start":{"line":37,"column":17},"end":{"line":37,"column":33}},"8":{"start":{"line":39,"column":0},"end":{"line":39,"column":28}}},"fnMap":{"0":{"name":"(anonymous_0)","decl":{"start":{"line":4,"column":2},"end":{"line":4,"column":3}},"loc":{"start":{"line":4,"column":12},"end":{"line":6,"column":3}},"line":4},"1":{"name":"(anonymous_1)","decl":{"start":{"line":8,"column":2},"end":{"line":8,"column":3}},"loc":{"start":{"line":8,"column":19},"end":{"line":14,"column":1}},"line":8},"2":{"name":"(anonymous_2)","decl":{"start":{"line":16,"column":2},"end":{"line":16,"column":3}},"loc":{"start":{"line":16,"column":15},"end":{"line":18,"column":3}},"line":16},"3":{"name":"(anonymous_3)","decl":{"start":{"line":20,"column":2},"end":{"line":20,"column":3}},"loc":{"start":{"line":20,"column":15},"end":{"line":22,"column":3}},"line":20},"4":{"name":"(anonymous_4)","decl":{"start":{"line":24,"column":2},"end":{"line":24,"column":3}},"loc":{"start":{"line":24,"column":20},"end":{"line":26,"column":3}},"line":24},"5":{"name":"(anonymous_5)","decl":{"start":{"line":28,"column":2},"end":{"line":28,"column":3}},"loc":{"start":{"line":28,"column":14},"end":{"line":34,"column":3}},"line":28}},"branchMap":{},"s":{"0":1,"1":0,"2":0,"3":0,"4":0,"5":0,"6":0,"7":1,"8":1},"f":{"0":0,"1":0,"2":0,"3":0,"4":0,"5":0},"b":{},"_coverageSchema":"332fd63041d2c1bcb487cc26dd0d5f7d97098a6c","hash":"b7ac7f6f4d726e788a2ed2606dcd75c3b0deb4c6","contentHash":"f54b5dd5b42d1d82f87c61cb2c032ff9_11.9.0"},"c:\\Users\\Pasquale\\Documents\\SuperActivatorNodeNg\\routes\\rcvpc.server.route.js":{"path":"c:\\Users\\Pasquale\\Documents\\SuperActivatorNodeNg\\routes\\rcvpc.server.route.js","statementMap":{"0":{"start":{"line":1,"column":16},"end":{"line":1,"column":34}},"1":{"start":{"line":2,"column":15},"end":{"line":2,"column":31}},"2":{"start":{"line":4,"column":25},"end":{"line":4,"column":75}},"3":{"start":{"line":6,"column":0},"end":{"line":6,"column":46}},"4":{"start":{"line":8,"column":0},"end":{"line":8,"column":24}}},"fnMap":{},"branchMap":{},"s":{"0":1,"1":1,"2":1,"3":1,"4":1},"f":{},"b":{},"_coverageSchema":"332fd63041d2c1bcb487cc26dd0d5f7d97098a6c","hash":"3c93d4d6df834fe12cc2b3eedccc29b0540bed1d","contentHash":"75d4c1b511908d94536d9a4007aadba7_11.9.0"},"c:\\Users\\Pasquale\\Documents\\SuperActivatorNodeNg\\controllers\\rcv_pc.server.controller.js":{"path":"c:\\Users\\Pasquale\\Documents\\SuperActivatorNodeNg\\controllers\\rcv_pc.server.controller.js","statementMap":{"0":{"start":{"line":1,"column":23},"end":{"line":1,"column":59}},"1":{"start":{"line":2,"column":18},"end":{"line":2,"column":39}},"2":{"start":{"line":4,"column":19},"end":{"line":59,"column":1}},"3":{"start":{"line":6,"column":13},"end":{"line":6,"column":39}},"4":{"start":{"line":7,"column":15},"end":{"line":7,"column":28}},"5":{"start":{"line":8,"column":15},"end":{"line":8,"column":28}},"6":{"start":{"line":9,"column":18},"end":{"line":9,"column":30}},"7":{"start":{"line":10,"column":15},"end":{"line":10,"column":28}},"8":{"start":{"line":11,"column":14},"end":{"line":11,"column":26}},"9":{"start":{"line":12,"column":17},"end":{"line":12,"column":32}},"10":{"start":{"line":13,"column":18},"end":{"line":13,"column":34}},"11":{"start":{"line":14,"column":18},"end":{"line":14,"column":33}},"12":{"start":{"line":15,"column":23},"end":{"line":15,"column":39}},"13":{"start":{"line":16,"column":24},"end":{"line":16,"column":50}},"14":{"start":{"line":17,"column":25},"end":{"line":17,"column":50}},"15":{"start":{"line":18,"column":25},"end":{"line":18,"column":42}},"16":{"start":{"line":21,"column":2},"end":{"line":58,"column":3}},"17":{"start":{"line":23,"column":6},"end":{"line":55,"column":7}},"18":{"start":{"line":24,"column":25},"end":{"line":32,"column":9}},"19":{"start":{"line":33,"column":8},"end":{"line":33,"column":27}},"20":{"start":{"line":34,"column":13},"end":{"line":55,"column":7}},"21":{"start":{"line":35,"column":25},"end":{"line":41,"column":9}},"22":{"start":{"line":42,"column":8},"end":{"line":42,"column":27}},"23":{"start":{"line":43,"column":13},"end":{"line":55,"column":7}},"24":{"start":{"line":44,"column":25},"end":{"line":53,"column":9}},"25":{"start":{"line":54,"column":8},"end":{"line":54,"column":27}},"26":{"start":{"line":56,"column":6},"end":{"line":56,"column":12}},"27":{"start":{"line":61,"column":0},"end":{"line":61,"column":39}}},"fnMap":{"0":{"name":"(anonymous_0)","decl":{"start":{"line":4,"column":19},"end":{"line":4,"column":20}},"loc":{"start":{"line":4,"column":39},"end":{"line":59,"column":1}},"line":4}},"branchMap":{"0":{"loc":{"start":{"line":21,"column":2},"end":{"line":58,"column":3}},"type":"switch","locations":[{"start":{"line":22,"column":4},"end":{"line":57,"column":5}}],"line":21},"1":{"loc":{"start":{"line":23,"column":6},"end":{"line":55,"column":7}},"type":"if","locations":[{"start":{"line":23,"column":6},"end":{"line":55,"column":7}},{"start":{"line":23,"column":6},"end":{"line":55,"column":7}}],"line":23},"2":{"loc":{"start":{"line":34,"column":13},"end":{"line":55,"column":7}},"type":"if","locations":[{"start":{"line":34,"column":13},"end":{"line":55,"column":7}},{"start":{"line":34,"column":13},"end":{"line":55,"column":7}}],"line":34},"3":{"loc":{"start":{"line":43,"column":13},"end":{"line":55,"column":7}},"type":"if","locations":[{"start":{"line":43,"column":13},"end":{"line":55,"column":7}},{"start":{"line":43,"column":13},"end":{"line":55,"column":7}}],"line":43}},"s":{"0":1,"1":1,"2":1,"3":0,"4":0,"5":0,"6":0,"7":0,"8":0,"9":0,"10":0,"11":0,"12":0,"13":0,"14":0,"15":0,"16":0,"17":0,"18":0,"19":0,"20":0,"21":0,"22":0,"23":0,"24":0,"25":0,"26":0,"27":1},"f":{"0":0},"b":{"0":[0],"1":[0,0],"2":[0,0],"3":[0,0]},"_coverageSchema":"332fd63041d2c1bcb487cc26dd0d5f7d97098a6c","hash":"67869ef953a802b74fb2772c8f7a31691267245c","contentHash":"64a5fcacc855c9f9bf19cc91fe542fc7_11.9.0"},"c:\\Users\\Pasquale\\Documents\\SuperActivatorNodeNg\\helpers\\superactivator.js":{"path":"c:\\Users\\Pasquale\\Documents\\SuperActivatorNodeNg\\helpers\\superactivator.js","statementMap":{"0":{"start":{"line":1,"column":15},"end":{"line":1,"column":62}},"1":{"start":{"line":2,"column":19},"end":{"line":2,"column":69}},"2":{"start":{"line":3,"column":14},"end":{"line":3,"column":35}},"3":{"start":{"line":4,"column":16},"end":{"line":4,"column":54}},"4":{"start":{"line":5,"column":16},"end":{"line":5,"column":54}},"5":{"start":{"line":6,"column":12},"end":{"line":6,"column":46}},"6":{"start":{"line":7,"column":12},"end":{"line":7,"column":46}},"7":{"start":{"line":8,"column":15},"end":{"line":8,"column":52}},"8":{"start":{"line":9,"column":20},"end":{"line":9,"column":62}},"9":{"start":{"line":10,"column":13},"end":{"line":10,"column":45}},"10":{"start":{"line":11,"column":15},"end":{"line":11,"column":52}},"11":{"start":{"line":12,"column":18},"end":{"line":12,"column":59}},"12":{"start":{"line":13,"column":13},"end":{"line":13,"column":49}},"13":{"start":{"line":14,"column":14},"end":{"line":14,"column":46}},"14":{"start":{"line":15,"column":16},"end":{"line":15,"column":50}},"15":{"start":{"line":20,"column":8},"end":{"line":20,"column":42}},"16":{"start":{"line":24,"column":8},"end":{"line":26,"column":9}},"17":{"start":{"line":25,"column":12},"end":{"line":25,"column":22}},"18":{"start":{"line":28,"column":21},"end":{"line":28,"column":23}},"19":{"start":{"line":29,"column":20},"end":{"line":29,"column":22}},"20":{"start":{"line":31,"column":8},"end":{"line":34,"column":9}},"21":{"start":{"line":32,"column":24},"end":{"line":32,"column":63}},"22":{"start":{"line":33,"column":12},"end":{"line":33,"column":32}},"23":{"start":{"line":36,"column":8},"end":{"line":39,"column":9}},"24":{"start":{"line":37,"column":26},"end":{"line":37,"column":107}},"25":{"start":{"line":38,"column":12},"end":{"line":38,"column":41}},"26":{"start":{"line":40,"column":8},"end":{"line":40,"column":41}},"27":{"start":{"line":44,"column":20},"end":{"line":44,"column":22}},"28":{"start":{"line":45,"column":8},"end":{"line":48,"column":9}},"29":{"start":{"line":46,"column":25},"end":{"line":46,"column":42}},"30":{"start":{"line":47,"column":12},"end":{"line":47,"column":48}},"31":{"start":{"line":49,"column":8},"end":{"line":49,"column":21}},"32":{"start":{"line":53,"column":8},"end":{"line":55,"column":9}},"33":{"start":{"line":54,"column":12},"end":{"line":54,"column":22}},"34":{"start":{"line":56,"column":22},"end":{"line":56,"column":47}},"35":{"start":{"line":58,"column":20},"end":{"line":58,"column":22}},"36":{"start":{"line":59,"column":21},"end":{"line":59,"column":23}},"37":{"start":{"line":61,"column":8},"end":{"line":72,"column":9}},"38":{"start":{"line":62,"column":12},"end":{"line":62,"column":98}},"39":{"start":{"line":63,"column":12},"end":{"line":63,"column":94}},"40":{"start":{"line":64,"column":12},"end":{"line":64,"column":100}},"41":{"start":{"line":65,"column":12},"end":{"line":65,"column":107}},"42":{"start":{"line":67,"column":29},"end":{"line":69,"column":23}},"43":{"start":{"line":68,"column":16},"end":{"line":68,"column":31}},"44":{"start":{"line":71,"column":12},"end":{"line":71,"column":70}},"45":{"start":{"line":73,"column":8},"end":{"line":73,"column":22}},"46":{"start":{"line":77,"column":8},"end":{"line":83,"column":14}},"47":{"start":{"line":79,"column":16},"end":{"line":81,"column":17}},"48":{"start":{"line":80,"column":20},"end":{"line":80,"column":50}},"49":{"start":{"line":82,"column":16},"end":{"line":82,"column":26}},"50":{"start":{"line":87,"column":25},"end":{"line":87,"column":33}},"51":{"start":{"line":88,"column":23},"end":{"line":88,"column":25}},"52":{"start":{"line":89,"column":8},"end":{"line":91,"column":9}},"53":{"start":{"line":90,"column":12},"end":{"line":90,"column":57}},"54":{"start":{"line":92,"column":8},"end":{"line":92,"column":24}},"55":{"start":{"line":96,"column":25},"end":{"line":96,"column":33}},"56":{"start":{"line":97,"column":8},"end":{"line":101,"column":9}},"57":{"start":{"line":98,"column":12},"end":{"line":100,"column":13}},"58":{"start":{"line":99,"column":16},"end":{"line":99,"column":28}},"59":{"start":{"line":102,"column":8},"end":{"line":102,"column":20}},"60":{"start":{"line":106,"column":8},"end":{"line":113,"column":54}},"61":{"start":{"line":108,"column":16},"end":{"line":111,"column":17}},"62":{"start":{"line":110,"column":20},"end":{"line":110,"column":29}},"63":{"start":{"line":112,"column":16},"end":{"line":112,"column":24}},"64":{"start":{"line":113,"column":28},"end":{"line":113,"column":52}},"65":{"start":{"line":117,"column":8},"end":{"line":128,"column":53}},"66":{"start":{"line":120,"column":16},"end":{"line":126,"column":17}},"67":{"start":{"line":122,"column":20},"end":{"line":122,"column":29}},"68":{"start":{"line":123,"column":23},"end":{"line":126,"column":17}},"69":{"start":{"line":125,"column":20},"end":{"line":125,"column":29}},"70":{"start":{"line":127,"column":16},"end":{"line":127,"column":25}},"71":{"start":{"line":128,"column":28},"end":{"line":128,"column":52}},"72":{"start":{"line":132,"column":8},"end":{"line":139,"column":54}},"73":{"start":{"line":134,"column":16},"end":{"line":137,"column":17}},"74":{"start":{"line":135,"column":20},"end":{"line":135,"column":58}},"75":{"start":{"line":136,"column":20},"end":{"line":136,"column":29}},"76":{"start":{"line":138,"column":16},"end":{"line":138,"column":24}},"77":{"start":{"line":139,"column":28},"end":{"line":139,"column":52}},"78":{"start":{"line":157,"column":8},"end":{"line":205,"column":58}},"79":{"start":{"line":158,"column":12},"end":{"line":204,"column":13}},"80":{"start":{"line":159,"column":16},"end":{"line":161,"column":17}},"81":{"start":{"line":160,"column":20},"end":{"line":160,"column":54}},"82":{"start":{"line":162,"column":33},"end":{"line":162,"column":73}},"83":{"start":{"line":163,"column":16},"end":{"line":165,"column":17}},"84":{"start":{"line":164,"column":20},"end":{"line":164,"column":60}},"85":{"start":{"line":166,"column":16},"end":{"line":168,"column":17}},"86":{"start":{"line":167,"column":20},"end":{"line":167,"column":59}},"87":{"start":{"line":169,"column":16},"end":{"line":171,"column":17}},"88":{"start":{"line":170,"column":20},"end":{"line":170,"column":58}},"89":{"start":{"line":172,"column":16},"end":{"line":174,"column":17}},"90":{"start":{"line":173,"column":20},"end":{"line":173,"column":61}},"91":{"start":{"line":175,"column":16},"end":{"line":180,"column":17}},"92":{"start":{"line":176,"column":43},"end":{"line":176,"column":87}},"93":{"start":{"line":177,"column":20},"end":{"line":179,"column":21}},"94":{"start":{"line":178,"column":24},"end":{"line":178,"column":61}},"95":{"start":{"line":181,"column":16},"end":{"line":191,"column":17}},"96":{"start":{"line":185,"column":43},"end":{"line":185,"column":87}},"97":{"start":{"line":186,"column":20},"end":{"line":190,"column":21}},"98":{"start":{"line":187,"column":24},"end":{"line":187,"column":64}},"99":{"start":{"line":189,"column":24},"end":{"line":189,"column":64}},"100":{"start":{"line":192,"column":16},"end":{"line":197,"column":17}},"101":{"start":{"line":196,"column":20},"end":{"line":196,"column":66}},"102":{"start":{"line":198,"column":16},"end":{"line":200,"column":17}},"103":{"start":{"line":199,"column":20},"end":{"line":199,"column":59}},"104":{"start":{"line":201,"column":16},"end":{"line":201,"column":50}},"105":{"start":{"line":203,"column":16},"end":{"line":203,"column":60}},"106":{"start":{"line":205,"column":24},"end":{"line":205,"column":56}},"107":{"start":{"line":209,"column":8},"end":{"line":209,"column":45}},"108":{"start":{"line":211,"column":8},"end":{"line":256,"column":62}},"109":{"start":{"line":213,"column":16},"end":{"line":255,"column":17}},"110":{"start":{"line":214,"column":36},"end":{"line":214,"column":87}},"111":{"start":{"line":215,"column":35},"end":{"line":215,"column":42}},"112":{"start":{"line":216,"column":20},"end":{"line":252,"column":21}},"113":{"start":{"line":217,"column":24},"end":{"line":217,"column":67}},"114":{"start":{"line":219,"column":34},"end":{"line":219,"column":36}},"115":{"start":{"line":220,"column":24},"end":{"line":242,"column":25}},"116":{"start":{"line":222,"column":32},"end":{"line":222,"column":52}},"117":{"start":{"line":223,"column":32},"end":{"line":223,"column":38}},"118":{"start":{"line":225,"column":32},"end":{"line":225,"column":49}},"119":{"start":{"line":226,"column":32},"end":{"line":226,"column":38}},"120":{"start":{"line":228,"column":32},"end":{"line":228,"column":52}},"121":{"start":{"line":229,"column":32},"end":{"line":229,"column":38}},"122":{"start":{"line":231,"column":32},"end":{"line":231,"column":50}},"123":{"start":{"line":232,"column":32},"end":{"line":232,"column":38}},"124":{"start":{"line":234,"column":32},"end":{"line":234,"column":57}},"125":{"start":{"line":235,"column":32},"end":{"line":235,"column":38}},"126":{"start":{"line":237,"column":32},"end":{"line":237,"column":55}},"127":{"start":{"line":238,"column":32},"end":{"line":238,"column":38}},"128":{"start":{"line":240,"column":32},"end":{"line":240,"column":54}},"129":{"start":{"line":241,"column":32},"end":{"line":241,"column":38}},"130":{"start":{"line":243,"column":41},"end":{"line":243,"column":87}},"131":{"start":{"line":244,"column":47},"end":{"line":244,"column":97}},"132":{"start":{"line":246,"column":28},"end":{"line":250,"column":60}},"133":{"start":{"line":251,"column":24},"end":{"line":251,"column":35}},"134":{"start":{"line":254,"column":20},"end":{"line":254,"column":64}},"135":{"start":{"line":256,"column":28},"end":{"line":256,"column":60}},"136":{"start":{"line":260,"column":8},"end":{"line":291,"column":62}},"137":{"start":{"line":262,"column":27},"end":{"line":262,"column":29}},"138":{"start":{"line":263,"column":16},"end":{"line":279,"column":17}},"139":{"start":{"line":264,"column":33},"end":{"line":269,"column":21}},"140":{"start":{"line":270,"column":20},"end":{"line":276,"column":74}},"141":{"start":{"line":272,"column":28},"end":{"line":274,"column":29}},"142":{"start":{"line":273,"column":32},"end":{"line":273,"column":72}},"143":{"start":{"line":275,"column":28},"end":{"line":275,"column":49}},"144":{"start":{"line":276,"column":40},"end":{"line":276,"column":72}},"145":{"start":{"line":278,"column":20},"end":{"line":278,"column":39}},"146":{"start":{"line":281,"column":16},"end":{"line":283,"column":17}},"147":{"start":{"line":282,"column":20},"end":{"line":282,"column":60}},"148":{"start":{"line":284,"column":16},"end":{"line":290,"column":70}},"149":{"start":{"line":286,"column":24},"end":{"line":288,"column":25}},"150":{"start":{"line":287,"column":28},"end":{"line":287,"column":68}},"151":{"start":{"line":289,"column":24},"end":{"line":289,"column":87}},"152":{"start":{"line":290,"column":36},"end":{"line":290,"column":68}},"153":{"start":{"line":291,"column":28},"end":{"line":291,"column":60}},"154":{"start":{"line":296,"column":23},"end":{"line":308,"column":1}},"155":{"start":{"line":310,"column":23},"end":{"line":310,"column":57}},"156":{"start":{"line":312,"column":0},"end":{"line":312,"column":32}}},"fnMap":{"0":{"name":"(anonymous_0)","decl":{"start":{"line":19,"column":4},"end":{"line":19,"column":5}},"loc":{"start":{"line":19,"column":29},"end":{"line":21,"column":5}},"line":19},"1":{"name":"(anonymous_1)","decl":{"start":{"line":23,"column":4},"end":{"line":23,"column":5}},"loc":{"start":{"line":23,"column":33},"end":{"line":41,"column":5}},"line":23},"2":{"name":"(anonymous_2)","decl":{"start":{"line":43,"column":4},"end":{"line":43,"column":5}},"loc":{"start":{"line":43,"column":16},"end":{"line":50,"column":5}},"line":43},"3":{"name":"(anonymous_3)","decl":{"start":{"line":52,"column":4},"end":{"line":52,"column":5}},"loc":{"start":{"line":52,"column":28},"end":{"line":74,"column":5}},"line":52},"4":{"name":"(anonymous_4)","decl":{"start":{"line":67,"column":39},"end":{"line":67,"column":40}},"loc":{"start":{"line":67,"column":47},"end":{"line":69,"column":13}},"line":67},"5":{"name":"(anonymous_5)","decl":{"start":{"line":76,"column":4},"end":{"line":76,"column":5}},"loc":{"start":{"line":76,"column":29},"end":{"line":84,"column":5}},"line":76},"6":{"name":"(anonymous_6)","decl":{"start":{"line":78,"column":18},"end":{"line":78,"column":19}},"loc":{"start":{"line":78,"column":29},"end":{"line":83,"column":13}},"line":78},"7":{"name":"(anonymous_7)","decl":{"start":{"line":86,"column":4},"end":{"line":86,"column":5}},"loc":{"start":{"line":86,"column":26},"end":{"line":93,"column":5}},"line":86},"8":{"name":"(anonymous_8)","decl":{"start":{"line":95,"column":4},"end":{"line":95,"column":5}},"loc":{"start":{"line":95,"column":36},"end":{"line":103,"column":5}},"line":95},"9":{"name":"(anonymous_9)","decl":{"start":{"line":105,"column":4},"end":{"line":105,"column":5}},"loc":{"start":{"line":105,"column":25},"end":{"line":114,"column":5}},"line":105},"10":{"name":"(anonymous_10)","decl":{"start":{"line":107,"column":18},"end":{"line":107,"column":19}},"loc":{"start":{"line":107,"column":26},"end":{"line":113,"column":13}},"line":107},"11":{"name":"(anonymous_11)","decl":{"start":{"line":113,"column":21},"end":{"line":113,"column":22}},"loc":{"start":{"line":113,"column":28},"end":{"line":113,"column":52}},"line":113},"12":{"name":"(anonymous_12)","decl":{"start":{"line":116,"column":4},"end":{"line":116,"column":5}},"loc":{"start":{"line":116,"column":25},"end":{"line":129,"column":5}},"line":116},"13":{"name":"(anonymous_13)","decl":{"start":{"line":118,"column":20},"end":{"line":118,"column":21}},"loc":{"start":{"line":118,"column":43},"end":{"line":128,"column":13}},"line":118},"14":{"name":"(anonymous_14)","decl":{"start":{"line":128,"column":21},"end":{"line":128,"column":22}},"loc":{"start":{"line":128,"column":28},"end":{"line":128,"column":52}},"line":128},"15":{"name":"(anonymous_15)","decl":{"start":{"line":131,"column":4},"end":{"line":131,"column":5}},"loc":{"start":{"line":131,"column":34},"end":{"line":140,"column":5}},"line":131},"16":{"name":"(anonymous_16)","decl":{"start":{"line":133,"column":20},"end":{"line":133,"column":21}},"loc":{"start":{"line":133,"column":43},"end":{"line":139,"column":13}},"line":133},"17":{"name":"(anonymous_17)","decl":{"start":{"line":139,"column":21},"end":{"line":139,"column":22}},"loc":{"start":{"line":139,"column":28},"end":{"line":139,"column":52}},"line":139},"18":{"name":"(anonymous_18)","decl":{"start":{"line":156,"column":4},"end":{"line":156,"column":5}},"loc":{"start":{"line":156,"column":75},"end":{"line":206,"column":5}},"line":156},"19":{"name":"(anonymous_19)","decl":{"start":{"line":157,"column":52},"end":{"line":157,"column":53}},"loc":{"start":{"line":157,"column":65},"end":{"line":205,"column":9}},"line":157},"20":{"name":"(anonymous_20)","decl":{"start":{"line":205,"column":17},"end":{"line":205,"column":18}},"loc":{"start":{"line":205,"column":24},"end":{"line":205,"column":56}},"line":205},"21":{"name":"(anonymous_21)","decl":{"start":{"line":208,"column":4},"end":{"line":208,"column":5}},"loc":{"start":{"line":208,"column":57},"end":{"line":257,"column":5}},"line":208},"22":{"name":"(anonymous_22)","decl":{"start":{"line":212,"column":18},"end":{"line":212,"column":19}},"loc":{"start":{"line":212,"column":38},"end":{"line":256,"column":13}},"line":212},"23":{"name":"(anonymous_23)","decl":{"start":{"line":256,"column":21},"end":{"line":256,"column":22}},"loc":{"start":{"line":256,"column":28},"end":{"line":256,"column":60}},"line":256},"24":{"name":"(anonymous_24)","decl":{"start":{"line":259,"column":4},"end":{"line":259,"column":5}},"loc":{"start":{"line":259,"column":100},"end":{"line":292,"column":5}},"line":259},"25":{"name":"(anonymous_25)","decl":{"start":{"line":261,"column":18},"end":{"line":261,"column":19}},"loc":{"start":{"line":261,"column":32},"end":{"line":291,"column":13}},"line":261},"26":{"name":"(anonymous_26)","decl":{"start":{"line":271,"column":30},"end":{"line":271,"column":31}},"loc":{"start":{"line":271,"column":41},"end":{"line":276,"column":25}},"line":271},"27":{"name":"(anonymous_27)","decl":{"start":{"line":276,"column":33},"end":{"line":276,"column":34}},"loc":{"start":{"line":276,"column":40},"end":{"line":276,"column":72}},"line":276},"28":{"name":"(anonymous_28)","decl":{"start":{"line":285,"column":28},"end":{"line":285,"column":29}},"loc":{"start":{"line":285,"column":51},"end":{"line":290,"column":21}},"line":285},"29":{"name":"(anonymous_29)","decl":{"start":{"line":290,"column":29},"end":{"line":290,"column":30}},"loc":{"start":{"line":290,"column":36},"end":{"line":290,"column":68}},"line":290},"30":{"name":"(anonymous_30)","decl":{"start":{"line":291,"column":21},"end":{"line":291,"column":22}},"loc":{"start":{"line":291,"column":28},"end":{"line":291,"column":60}},"line":291}},"branchMap":{"0":{"loc":{"start":{"line":24,"column":8},"end":{"line":26,"column":9}},"type":"if","locations":[{"start":{"line":24,"column":8},"end":{"line":26,"column":9}},{"start":{"line":24,"column":8},"end":{"line":26,"column":9}}],"line":24},"1":{"loc":{"start":{"line":24,"column":12},"end":{"line":24,"column":61}},"type":"binary-expr","locations":[{"start":{"line":24,"column":12},"end":{"line":24,"column":33}},{"start":{"line":24,"column":37},"end":{"line":24,"column":61}}],"line":24},"2":{"loc":{"start":{"line":53,"column":8},"end":{"line":55,"column":9}},"type":"if","locations":[{"start":{"line":53,"column":8},"end":{"line":55,"column":9}},{"start":{"line":53,"column":8},"end":{"line":55,"column":9}}],"line":53},"3":{"loc":{"start":{"line":53,"column":12},"end":{"line":53,"column":53}},"type":"binary-expr","locations":[{"start":{"line":53,"column":12},"end":{"line":53,"column":25}},{"start":{"line":53,"column":29},"end":{"line":53,"column":53}}],"line":53},"4":{"loc":{"start":{"line":79,"column":16},"end":{"line":81,"column":17}},"type":"if","locations":[{"start":{"line":79,"column":16},"end":{"line":81,"column":17}},{"start":{"line":79,"column":16},"end":{"line":81,"column":17}}],"line":79},"5":{"loc":{"start":{"line":98,"column":12},"end":{"line":100,"column":13}},"type":"if","locations":[{"start":{"line":98,"column":12},"end":{"line":100,"column":13}},{"start":{"line":98,"column":12},"end":{"line":100,"column":13}}],"line":98},"6":{"loc":{"start":{"line":98,"column":16},"end":{"line":98,"column":74}},"type":"binary-expr","locations":[{"start":{"line":98,"column":16},"end":{"line":98,"column":40}},{"start":{"line":98,"column":44},"end":{"line":98,"column":74}}],"line":98},"7":{"loc":{"start":{"line":108,"column":16},"end":{"line":111,"column":17}},"type":"if","locations":[{"start":{"line":108,"column":16},"end":{"line":111,"column":17}},{"start":{"line":108,"column":16},"end":{"line":111,"column":17}}],"line":108},"8":{"loc":{"start":{"line":120,"column":16},"end":{"line":126,"column":17}},"type":"if","locations":[{"start":{"line":120,"column":16},"end":{"line":126,"column":17}},{"start":{"line":120,"column":16},"end":{"line":126,"column":17}}],"line":120},"9":{"loc":{"start":{"line":123,"column":23},"end":{"line":126,"column":17}},"type":"if","locations":[{"start":{"line":123,"column":23},"end":{"line":126,"column":17}},{"start":{"line":123,"column":23},"end":{"line":126,"column":17}}],"line":123},"10":{"loc":{"start":{"line":134,"column":16},"end":{"line":137,"column":17}},"type":"if","locations":[{"start":{"line":134,"column":16},"end":{"line":137,"column":17}},{"start":{"line":134,"column":16},"end":{"line":137,"column":17}}],"line":134},"11":{"loc":{"start":{"line":158,"column":12},"end":{"line":204,"column":13}},"type":"if","locations":[{"start":{"line":158,"column":12},"end":{"line":204,"column":13}},{"start":{"line":158,"column":12},"end":{"line":204,"column":13}}],"line":158},"12":{"loc":{"start":{"line":159,"column":16},"end":{"line":161,"column":17}},"type":"if","locations":[{"start":{"line":159,"column":16},"end":{"line":161,"column":17}},{"start":{"line":159,"column":16},"end":{"line":161,"column":17}}],"line":159},"13":{"loc":{"start":{"line":159,"column":20},"end":{"line":159,"column":97}},"type":"binary-expr","locations":[{"start":{"line":159,"column":20},"end":{"line":159,"column":56}},{"start":{"line":159,"column":60},"end":{"line":159,"column":97}}],"line":159},"14":{"loc":{"start":{"line":163,"column":16},"end":{"line":165,"column":17}},"type":"if","locations":[{"start":{"line":163,"column":16},"end":{"line":165,"column":17}},{"start":{"line":163,"column":16},"end":{"line":165,"column":17}}],"line":163},"15":{"loc":{"start":{"line":166,"column":16},"end":{"line":168,"column":17}},"type":"if","locations":[{"start":{"line":166,"column":16},"end":{"line":168,"column":17}},{"start":{"line":166,"column":16},"end":{"line":168,"column":17}}],"line":166},"16":{"loc":{"start":{"line":169,"column":16},"end":{"line":171,"column":17}},"type":"if","locations":[{"start":{"line":169,"column":16},"end":{"line":171,"column":17}},{"start":{"line":169,"column":16},"end":{"line":171,"column":17}}],"line":169},"17":{"loc":{"start":{"line":172,"column":16},"end":{"line":174,"column":17}},"type":"if","locations":[{"start":{"line":172,"column":16},"end":{"line":174,"column":17}},{"start":{"line":172,"column":16},"end":{"line":174,"column":17}}],"line":172},"18":{"loc":{"start":{"line":175,"column":16},"end":{"line":180,"column":17}},"type":"if","locations":[{"start":{"line":175,"column":16},"end":{"line":180,"column":17}},{"start":{"line":175,"column":16},"end":{"line":180,"column":17}}],"line":175},"19":{"loc":{"start":{"line":177,"column":20},"end":{"line":179,"column":21}},"type":"if","locations":[{"start":{"line":177,"column":20},"end":{"line":179,"column":21}},{"start":{"line":177,"column":20},"end":{"line":179,"column":21}}],"line":177},"20":{"loc":{"start":{"line":181,"column":16},"end":{"line":191,"column":17}},"type":"if","locations":[{"start":{"line":181,"column":16},"end":{"line":191,"column":17}},{"start":{"line":181,"column":16},"end":{"line":191,"column":17}}],"line":181},"21":{"loc":{"start":{"line":181,"column":20},"end":{"line":183,"column":71}},"type":"binary-expr","locations":[{"start":{"line":181,"column":21},"end":{"line":181,"column":72}},{"start":{"line":182,"column":24},"end":{"line":182,"column":81}},{"start":{"line":183,"column":24},"end":{"line":183,"column":70}}],"line":181},"22":{"loc":{"start":{"line":186,"column":20},"end":{"line":190,"column":21}},"type":"if","locations":[{"start":{"line":186,"column":20},"end":{"line":190,"column":21}},{"start":{"line":186,"column":20},"end":{"line":190,"column":21}}],"line":186},"23":{"loc":{"start":{"line":192,"column":16},"end":{"line":197,"column":17}},"type":"if","locations":[{"start":{"line":192,"column":16},"end":{"line":197,"column":17}},{"start":{"line":192,"column":16},"end":{"line":197,"column":17}}],"line":192},"24":{"loc":{"start":{"line":192,"column":20},"end":{"line":194,"column":106}},"type":"binary-expr","locations":[{"start":{"line":192,"column":21},"end":{"line":192,"column":44}},{"start":{"line":193,"column":24},"end":{"line":193,"column":75}},{"start":{"line":194,"column":27},"end":{"line":194,"column":105}}],"line":192},"25":{"loc":{"start":{"line":198,"column":16},"end":{"line":200,"column":17}},"type":"if","locations":[{"start":{"line":198,"column":16},"end":{"line":200,"column":17}},{"start":{"line":198,"column":16},"end":{"line":200,"column":17}}],"line":198},"26":{"loc":{"start":{"line":213,"column":16},"end":{"line":255,"column":17}},"type":"if","locations":[{"start":{"line":213,"column":16},"end":{"line":255,"column":17}},{"start":{"line":213,"column":16},"end":{"line":255,"column":17}}],"line":213},"27":{"loc":{"start":{"line":216,"column":20},"end":{"line":252,"column":21}},"type":"if","locations":[{"start":{"line":216,"column":20},"end":{"line":252,"column":21}},{"start":{"line":216,"column":20},"end":{"line":252,"column":21}}],"line":216},"28":{"loc":{"start":{"line":216,"column":24},"end":{"line":216,"column":93}},"type":"binary-expr","locations":[{"start":{"line":216,"column":24},"end":{"line":216,"column":44}},{"start":{"line":216,"column":48},"end":{"line":216,"column":93}}],"line":216},"29":{"loc":{"start":{"line":220,"column":24},"end":{"line":242,"column":25}},"type":"switch","locations":[{"start":{"line":221,"column":28},"end":{"line":223,"column":38}},{"start":{"line":224,"column":28},"end":{"line":226,"column":38}},{"start":{"line":227,"column":28},"end":{"line":229,"column":38}},{"start":{"line":230,"column":28},"end":{"line":232,"column":38}},{"start":{"line":233,"column":28},"end":{"line":235,"column":38}},{"start":{"line":236,"column":28},"end":{"line":238,"column":38}},{"start":{"line":239,"column":28},"end":{"line":241,"column":38}}],"line":220},"30":{"loc":{"start":{"line":263,"column":16},"end":{"line":279,"column":17}},"type":"if","locations":[{"start":{"line":263,"column":16},"end":{"line":279,"column":17}},{"start":{"line":263,"column":16},"end":{"line":279,"column":17}}],"line":263},"31":{"loc":{"start":{"line":272,"column":28},"end":{"line":274,"column":29}},"type":"if","locations":[{"start":{"line":272,"column":28},"end":{"line":274,"column":29}},{"start":{"line":272,"column":28},"end":{"line":274,"column":29}}],"line":272},"32":{"loc":{"start":{"line":281,"column":16},"end":{"line":283,"column":17}},"type":"if","locations":[{"start":{"line":281,"column":16},"end":{"line":283,"column":17}},{"start":{"line":281,"column":16},"end":{"line":283,"column":17}}],"line":281},"33":{"loc":{"start":{"line":281,"column":20},"end":{"line":281,"column":65}},"type":"binary-expr","locations":[{"start":{"line":281,"column":20},"end":{"line":281,"column":32}},{"start":{"line":281,"column":36},"end":{"line":281,"column":52}},{"start":{"line":281,"column":56},"end":{"line":281,"column":65}}],"line":281},"34":{"loc":{"start":{"line":286,"column":24},"end":{"line":288,"column":25}},"type":"if","locations":[{"start":{"line":286,"column":24},"end":{"line":288,"column":25}},{"start":{"line":286,"column":24},"end":{"line":288,"column":25}}],"line":286}},"s":{"0":1,"1":1,"2":1,"3":1,"4":1,"5":1,"6":1,"7":1,"8":1,"9":1,"10":1,"11":1,"12":1,"13":1,"14":1,"15":1,"16":43,"17":5,"18":38,"19":38,"20":38,"21":3208,"22":3208,"23":38,"24":802,"25":802,"26":38,"27":27,"28":27,"29":294,"30":294,"31":27,"32":30,"33":3,"34":27,"35":27,"36":27,"37":27,"38":588,"39":588,"40":588,"41":588,"42":588,"43":2352,"44":588,"45":27,"46":9,"47":9,"48":5,"49":4,"50":10,"51":10,"52":10,"53":50,"54":10,"55":9,"56":9,"57":43,"58":2,"59":7,"60":11,"61":11,"62":3,"63":8,"64":0,"65":5,"66":4,"67":0,"68":4,"69":1,"70":3,"71":1,"72":11,"73":11,"74":0,"75":0,"76":11,"77":0,"78":10,"79":10,"80":9,"81":6,"82":9,"83":9,"84":0,"85":9,"86":0,"87":9,"88":1,"89":8,"90":1,"91":7,"92":1,"93":1,"94":1,"95":6,"96":1,"97":1,"98":1,"99":0,"100":5,"101":2,"102":3,"103":1,"104":2,"105":1,"106":0,"107":10,"108":10,"109":10,"110":8,"111":8,"112":8,"113":2,"114":6,"115":6,"116":0,"117":0,"118":0,"119":0,"120":0,"121":0,"122":0,"123":0,"124":1,"125":1,"126":0,"127":0,"128":5,"129":5,"130":6,"131":6,"132":6,"133":6,"134":2,"135":0,"136":5,"137":5,"138":5,"139":3,"140":3,"141":3,"142":0,"143":3,"144":0,"145":2,"146":5,"147":0,"148":5,"149":5,"150":1,"151":4,"152":0,"153":0,"154":1,"155":1,"156":1},"f":{"0":1,"1":43,"2":27,"3":30,"4":2352,"5":9,"6":9,"7":10,"8":9,"9":11,"10":11,"11":0,"12":5,"13":4,"14":1,"15":11,"16":11,"17":0,"18":10,"19":10,"20":0,"21":10,"22":10,"23":0,"24":5,"25":5,"26":3,"27":0,"28":5,"29":0,"30":0},"b":{"0":[5,38],"1":[43,41],"2":[3,27],"3":[30,27],"4":[5,4],"5":[2,41],"6":[43,43],"7":[3,8],"8":[0,4],"9":[1,3],"10":[0,11],"11":[9,1],"12":[6,3],"13":[9,3],"14":[0,9],"15":[0,9],"16":[1,8],"17":[1,7],"18":[1,6],"19":[1,0],"20":[1,5],"21":[6,6,6],"22":[1,0],"23":[2,3],"24":[5,5,4],"25":[1,2],"26":[8,2],"27":[2,6],"28":[8,6],"29":[0,0,0,0,1,0,5],"30":[3,2],"31":[0,3],"32":[0,5],"33":[5,5,5],"34":[1,4]},"_coverageSchema":"332fd63041d2c1bcb487cc26dd0d5f7d97098a6c","hash":"038021763c0dc825101104e12feff9a024f64a0f","contentHash":"424747950b08fd32414aed2a744b9fa8_11.9.0"},"c:\\Users\\Pasquale\\Documents\\SuperActivatorNodeNg\\repositories\\pc.server.repository.js":{"path":"c:\\Users\\Pasquale\\Documents\\SuperActivatorNodeNg\\repositories\\pc.server.repository.js","statementMap":{"0":{"start":{"line":1,"column":11},"end":{"line":1,"column":31}},"1":{"start":{"line":2,"column":15},"end":{"line":2,"column":32}},"2":{"start":{"line":9,"column":4},"end":{"line":9,"column":27}},"3":{"start":{"line":13,"column":4},"end":{"line":13,"column":30}},"4":{"start":{"line":17,"column":4},"end":{"line":17,"column":30}},"5":{"start":{"line":21,"column":4},"end":{"line":26,"column":6}},"6":{"start":{"line":30,"column":4},"end":{"line":34,"column":6}},"7":{"start":{"line":39,"column":19},"end":{"line":39,"column":57}},"8":{"start":{"line":40,"column":18},"end":{"line":40,"column":161}},"9":{"start":{"line":41,"column":4},"end":{"line":41,"column":37}},"10":{"start":{"line":45,"column":17},"end":{"line":45,"column":33}},"11":{"start":{"line":47,"column":0},"end":{"line":47,"column":28}}},"fnMap":{"0":{"name":"(anonymous_0)","decl":{"start":{"line":8,"column":2},"end":{"line":8,"column":3}},"loc":{"start":{"line":8,"column":12},"end":{"line":10,"column":3}},"line":8},"1":{"name":"(anonymous_1)","decl":{"start":{"line":12,"column":2},"end":{"line":12,"column":3}},"loc":{"start":{"line":12,"column":15},"end":{"line":14,"column":3}},"line":12},"2":{"name":"(anonymous_2)","decl":{"start":{"line":16,"column":2},"end":{"line":16,"column":3}},"loc":{"start":{"line":16,"column":15},"end":{"line":18,"column":3}},"line":16},"3":{"name":"(anonymous_3)","decl":{"start":{"line":20,"column":2},"end":{"line":20,"column":3}},"loc":{"start":{"li
[...]
:1,"9":1,"10":0,"11":0,"12":0,"13":0,"14":1,"15":1,"16":0,"17":0,"18":0,"19":0,"20":1,"21":1,"22":0,"23":0,"24":0,"25":0,"26":1,"27":1,"28":0,"29":0,"30":0,"31":0,"32":0,"33":0,"34":1,"35":1,"36":0,"37":0,"38":0,"39":0,"40":1},"f":{"0":0,"1":0,"2":0,"3":0,"4":0,"5":0,"6":0,"7":0,"8":0,"9":0,"10":0,"11":0,"12":0,"13":0,"14":0,"15":0,"16":0,"17":0,"18":0,"19":0},"b":{},"_coverageSchema":"332fd63041d2c1bcb487cc26dd0d5f7d97098a6c","hash":"54dfd549b213ee7bbaceecffada2ebd1fee3ad7c","contentHash":"0fd8e387e275ffbe7348907b6b3d7176_11.9.0"},"c:\\Users\\Pasquale\\Documents\\SuperActivatorNodeNg\\repositories\\clienti.server.repository.js":{"path":"c:\\Users\\Pasquale\\Documents\\SuperActivatorNodeNg\\repositories\\clienti.server.repository.js","statementMap":{"0":{"start":{"line":1,"column":11},"end":{"line":1,"column":31}},"1":{"start":{"line":6,"column":8},"end":{"line":6,"column":35}},"2":{"start":{"line":10,"column":8},"end":{"line":14,"column":11}},"3":{"start":{"line":18,"column":8},"end":{"line":18,"column":38}},"4":{"start":{"line":22,"column":8},"end":{"line":22,"column":38}},"5":{"start":{"line":26,"column":8},"end":{"line":26,"column":40}},"6":{"start":{"line":30,"column":8},"end":{"line":34,"column":10}},"7":{"start":{"line":39,"column":17},"end":{"line":39,"column":33}},"8":{"start":{"line":41,"column":0},"end":{"line":41,"column":28}}},"fnMap":{"0":{"name":"(anonymous_0)","decl":{"start":{"line":5,"column":4},"end":{"line":5,"column":5}},"loc":{"start":{"line":5,"column":14},"end":{"line":7,"column":5}},"line":5},"1":{"name":"(anonymous_1)","decl":{"start":{"line":9,"column":4},"end":{"line":9,"column":5}},"loc":{"start":{"line":9,"column":21},"end":{"line":15,"column":5}},"line":9},"2":{"name":"(anonymous_2)","decl":{"start":{"line":17,"column":4},"end":{"line":17,"column":5}},"loc":{"start":{"line":17,"column":17},"end":{"line":19,"column":5}},"line":17},"3":{"name":"(anonymous_3)","decl":{"start":{"line":21,"column":4},"end":{"line":21,"column":5}},"loc":{"start":{"line":21,"column":17},"end":{"line":23,"column":5}},"line":21},"4":{"name":"(anonymous_4)","decl":{"start":{"line":25,"column":4},"end":{"line":25,"column":5}},"loc":{"start":{"line":25,"column":18},"end":{"line":27,"column":5}},"line":25},"5":{"name":"(anonymous_5)","decl":{"start":{"line":29,"column":4},"end":{"line":29,"column":5}},"loc":{"start":{"line":29,"column":16},"end":{"line":35,"column":5}},"line":29}},"branchMap":{},"s":{"0":1,"1":0,"2":0,"3":0,"4":0,"5":0,"6":0,"7":1,"8":1},"f":{"0":0,"1":0,"2":0,"3":0,"4":0,"5":0},"b":{},"_coverageSchema":"332fd63041d2c1bcb487cc26dd0d5f7d97098a6c","hash":"f51fb39c1dc4a05a3cfbbfb964b9b94413b9b6ab","contentHash":"d5733d62e91e1a4a43a8048bbae7d83e_11.9.0"},"c:\\Users\\Pasquale\\Documents\\SuperActivatorNodeNg\\routes\\customization.server.route.js":{"path":"c:\\Users\\Pasquale\\Documents\\SuperActivatorNodeNg\\routes\\customization.server.route.js","statementMap":{"0":{"start":{"line":1,"column":16},"end":{"line":1,"column":34}},"1":{"start":{"line":2,"column":15},"end":{"line":2,"column":31}},"2":{"start":{"line":3,"column":12},"end":{"line":3,"column":40}},"3":{"start":{"line":4,"column":15},"end":{"line":4,"column":42}},"4":{"start":{"line":6,"column":32},"end":{"line":6,"column":91}},"5":{"start":{"line":9,"column":0},"end":{"line":9,"column":46}},"6":{"start":{"line":11,"column":0},"end":{"line":11,"column":49}},"7":{"start":{"line":12,"column":0},"end":{"line":12,"column":49}},"8":{"start":{"line":14,"column":0},"end":{"line":14,"column":78}},"9":{"start":{"line":17,"column":0},"end":{"line":17,"column":24}}},"fnMap":{},"branchMap":{},"s":{"0":1,"1":1,"2":1,"3":1,"4":1,"5":1,"6":1,"7":1,"8":1,"9":1},"f":{},"b":{},"_coverageSchema":"332fd63041d2c1bcb487cc26dd0d5f7d97098a6c","hash":"6af4093a860e327b8b1614bd4d73d66aaf09bded","contentHash":"cafaa61dc457d2e06067d8d9966f25e4_11.9.0"},"c:\\Users\\Pasquale\\Documents\\SuperActivatorNodeNg\\config\\multer.js":{"path":"c:\\Users\\Pasquale\\Documents\\SuperActivatorNodeNg\\config\\multer.js","statementMap":{"0":{"start":{"line":1,"column":15},"end":{"line":1,"column":32}},"1":{"start":{"line":4,"column":16},"end":{"line":11,"column":2}},"2":{"start":{"line":6,"column":8},"end":{"line":6,"column":38}},"3":{"start":{"line":9,"column":8},"end":{"line":9,"column":78}},"4":{"start":{"line":14,"column":19},"end":{"line":20,"column":1}},"5":{"start":{"line":15,"column":4},"end":{"line":19,"column":5}},"6":{"start":{"line":16,"column":8},"end":{"line":16,"column":23}},"7":{"start":{"line":18,"column":8},"end":{"line":18,"column":24}},"8":{"start":{"line":22,"column":15},"end":{"line":28,"column":2}},"9":{"start":{"line":30,"column":0},"end":{"line":30,"column":24}}},"fnMap":{"0":{"name":"(anonymous_0)","decl":{"start":{"line":5,"column":17},"end":{"line":5,"column":18}},"loc":{"start":{"line":5,"column":36},"end":{"line":7,"column":5}},"line":5},"1":{"name":"(anonymous_1)","decl":{"start":{"line":8,"column":14},"end":{"line":8,"column":15}},"loc":{"start":{"line":8,"column":33},"end":{"line":10,"column":5}},"line":8},"2":{"name":"(anonymous_2)","decl":{"start":{"line":14,"column":19},"end":{"line":14,"column":20}},"loc":{"start":{"line":14,"column":38},"end":{"line":20,"column":1}},"line":14}},"branchMap":{"0":{"loc":{"start":{"line":15,"column":4},"end":{"line":19,"column":5}},"type":"if","locations":[{"start":{"line":15,"column":4},"end":{"line":19,"column":5}},{"start":{"line":15,"column":4},"end":{"line":19,"column":5}}],"line":15},"1":{"loc":{"start":{"line":15,"column":8},"end":{"line":15,"column":71}},"type":"binary-expr","locations":[{"start":{"line":15,"column":8},"end":{"line":15,"column":38}},{"start":{"line":15,"column":42},"end":{"line":15,"column":71}}],"line":15}},"s":{"0":1,"1":1,"2":0,"3":0,"4":1,"5":0,"6":0,"7":0,"8":1,"9":1},"f":{"0":0,"1":0,"2":0},"b":{"0":[0,0],"1":[0,0]},"_coverageSchema":"332fd63041d2c1bcb487cc26dd0d5f7d97098a6c","hash":"59adc11bce00d9f9b79ee7e17781f656878f0427","contentHash":"0a19f14a90318e9eab3f78d4b3b3eee4_11.9.0"},"c:\\Users\\Pasquale\\Documents\\SuperActivatorNodeNg\\controllers\\customization.server.controller.js":{"path":"c:\\Users\\Pasquale\\Documents\\SuperActivatorNodeNg\\controllers\\customization.server.controller.js","statementMap":{"0":{"start":{"line":1,"column":19},"end":{"line":1,"column":77}},"1":{"start":{"line":2,"column":15},"end":{"line":2,"column":32}},"2":{"start":{"line":3,"column":11},"end":{"line":3,"column":24}},"3":{"start":{"line":4,"column":13},"end":{"line":4,"column":28}},"4":{"start":{"line":7,"column":13},"end":{"line":15,"column":1}},"5":{"start":{"line":9,"column":2},"end":{"line":14,"column":40}},"6":{"start":{"line":12,"column":6},"end":{"line":12,"column":23}},"7":{"start":{"line":14,"column":18},"end":{"line":14,"column":38}},"8":{"start":{"line":16,"column":0},"end":{"line":16,"column":27}},"9":{"start":{"line":25,"column":15},"end":{"line":37,"column":1}},"10":{"start":{"line":26,"column":15},"end":{"line":26,"column":23}},"11":{"start":{"line":27,"column":2},"end":{"line":30,"column":3}},"12":{"start":{"line":28,"column":4},"end":{"line":28,"column":47}},"13":{"start":{"line":29,"column":4},"end":{"line":29,"column":43}},"14":{"start":{"line":31,"column":2},"end":{"line":36,"column":40}},"15":{"start":{"line":34,"column":6},"end":{"line":34,"column":22}},"16":{"start":{"line":36,"column":18},"end":{"line":36,"column":38}},"17":{"start":{"line":38,"column":0},"end":{"line":38,"column":31}},"18":{"start":{"line":41,"column":13},"end":{"line":49,"column":1}},"19":{"start":{"line":42,"column":17},"end":{"line":42,"column":30}},"20":{"start":{"line":43,"column":2},"end":{"line":48,"column":40}},"21":{"start":{"line":46,"column":6},"end":{"line":46,"column":21}},"22":{"start":{"line":48,"column":18},"end":{"line":48,"column":38}},"23":{"start":{"line":50,"column":0},"end":{"line":50,"column":27}},"24":{"start":{"line":64,"column":15},"end":{"line":94,"column":1}},"25":{"start":{"line":65,"column":17},"end":{"line":65,"column":34}},"26":{"start":{"line":66,"column":18},"end":{"line":66,"column":26}},"27":{"start":{"line":67,"column":2},"end":{"line":70,"column":3}},"28":{"start":{"line":68,"column":4},"end":{"line":68,"column":50}},"29":{"start":{"line":69,"column":4},"end":{"line":69,"column":46}},"30":{"start":{"line":71,"column":2},"end":{"line":93,"column":40}},"31":{"start":{"line":75,"column":8},"end":{"line":75,"column":73}},"32":{"start":{"line":77,"column":8},"end":{"line":77,"column":59}},"33":{"start":{"line":79,"column":6},"end":{"line":91,"column":9}},"34":{"start":{"line":80,"column":8},"end":{"line":89,"column":9}},"35":{"start":{"line":81,"column":10},"end":{"line":88,"column":13}},"36":{"start":{"line":82,"column":12},"end":{"line":87,"column":13}},"37":{"start":{"line":83,"column":14},"end":{"line":86,"column":17}},"38":{"start":{"line":84,"column":16},"end":{"line":84,"column":35}},"39":{"start":{"line":84,"column":25},"end":{"line":84,"column":35}},"40":{"start":{"line":85,"column":16},"end":{"line":85,"column":58}},"41":{"start":{"line":90,"column":8},"end":{"line":90,"column":23}},"42":{"start":{"line":93,"column":18},"end":{"line":93,"column":38}},"43":{"start":{"line":95,"column":0},"end":{"line":95,"column":31}}},"fnMap":{"0":{"name":"(anonymous_0)","decl":{"start":{"line":7,"column":13},"end":{"line":7,"column":14}},"loc":{"start":{"line":7,"column":33},"end":{"line":15,"column":1}},"line":7},"1":{"name":"(anonymous_1)","decl":{"start":{"line":11,"column":10},"end":{"line":11,"column":11}},"loc":{"start":{"line":11,"column":20},"end":{"line":13,"column":5}},"line":11},"2":{"name":"(anonymous_2)","decl":{"start":{"line":14,"column":11},"end":{"line":14,"column":12}},"loc":{"start":{"line":14,"column":18},"end":{"line":14,"column":38}},"line":14},"3":{"name":"(anonymous_3)","decl":{"start":{"line":25,"column":15},"end":{"line":25,"column":16}},"loc":{"start":{"line":25,"column":35},"end":{"line":37,"column":1}},"line":25},"4":{"name":"(anonymous_4)","decl":{"start":{"line":33,"column":10},"end":{"line":33,"column":11}},"loc":{"start":{"line":33,"column":19},"end":{"line":35,"column":5}},"line":33},"5":{"name":"(anonymous_5)","decl":{"start":{"line":36,"column":11},"end":{"line":36,"column":12}},"loc":{"start":{"line":36,"column":18},"end":{"line":36,"column":38}},"line":36},"6":{"name":"(anonymous_6)","decl":{"start":{"line":41,"column":13},"end":{"line":41,"column":14}},"loc":{"start":{"line":41,"column":33},"end":{"line":49,"column":1}},"line":41},"7":{"name":"(anonymous_7)","decl":{"start":{"line":45,"column":10},"end":{"line":45,"column":11}},"loc":{"start":{"line":45,"column":18},"end":{"line":47,"column":5}},"line":45},"8":{"name":"(anonymous_8)","decl":{"start":{"line":48,"column":11},"end":{"line":48,"column":12}},"loc":{"start":{"line":48,"column":18},"end":{"line":48,"column":38}},"line":48},"9":{"name":"(anonymous_9)","decl":{"start":{"line":64,"column":15},"end":{"line":64,"column":16}},"loc":{"start":{"line":64,"column":35},"end":{"line":94,"column":1}},"line":64},"10":{"name":"(anonymous_10)","decl":{"start":{"line":73,"column":10},"end":{"line":73,"column":11}},"loc":{"start":{"line":73,"column":19},"end":{"line":92,"column":5}},"line":73},"11":{"name":"(anonymous_11)","decl":{"start":{"line":79,"column":40},"end":{"line":79,"column":41}},"loc":{"start":{"line":79,"column":48},"end":{"line":91,"column":7}},"line":79},"12":{"name":"(anonymous_12)","decl":{"start":{"line":81,"column":33},"end":{"line":81,"column":34}},"loc":{"start":{"line":81,"column":50},"end":{"line":88,"column":11}},"line":81},"13":{"name":"(anonymous_13)","decl":{"start":{"line":83,"column":37},"end":{"line":83,"column":38}},"loc":{"start":{"line":83,"column":44},"end":{"line":86,"column":15}},"line":83},"14":{"name":"(anonymous_14)","decl":{"start":{"line":93,"column":11},"end":{"line":93,"column":12}},"loc":{"start":{"line":93,"column":18},"end":{"line":93,"column":38}},"line":93}},"branchMap":{"0":{"loc":{"start":{"line":27,"column":2},"end":{"line":30,"column":3}},"type":"if","locations":[{"start":{"line":27,"column":2},"end":{"line":30,"column":3}},{"start":{"line":27,"column":2},"end":{"line":30,"column":3}}],"line":27},"1":{"loc":{"start":{"line":67,"column":2},"end":{"line":70,"column":3}},"type":"if","locations":[{"start":{"line":67,"column":2},"end":{"line":70,"column":3}},{"start":{"line":67,"column":2},"end":{"line":70,"column":3}}],"line":67},"2":{"loc":{"start":{"line":80,"column":8},"end":{"line":89,"column":9}},"type":"if","locations":[{"start":{"line":80,"column":8},"end":{"line":89,"column":9}},{"start":{"line":80,"column":8},"end":{"line":89,"column":9}}],"line":80},"3":{"loc":{"start":{"line":82,"column":12},"end":{"line":87,"column":13}},"type":"if","locations":[{"start":{"line":82,"column":12},"end":{"line":87,"column":13}},{"start":{"line":82,"column":12},"end":{"line":87,"column":13}}],"line":82},"4":{"loc":{"start":{"line":84,"column":16},"end":{"line":84,"column":35}},"type":"if","locations":[{"start":{"line":84,"column":16},"end":{"line":84,"column":35}},{"start":{"line":84,"column":16},"end":{"line":84,"column":35}}],"line":84}},"s":{"0":1,"1":1,"2":1,"3":1,"4":1,"5":0,"6":0,"7":0,"8":1,"9":1,"10":0,"11":0,"12":0,"13":0,"14":0,"15":0,"16":0,"17":1,"18":1,"19":0,"20":0,"21":0,"22":0,"23":1,"24":1,"25":0,"26":0,"27":0,"28":0,"29":0,"30":0,"31":0,"32":0,"33":0,"34":0,"35":0,"36":0,"37":0,"38":0,"39":0,"40":0,"41":0,"42":0,"43":1},"f":{"0":0,"1":0,"2":0,"3":0,"4":0,"5":0,"6":0,"7":0,"8":0,"9":0,"10":0,"11":0,"12":0,"13":0,"14":0},"b":{"0":[0,0],"1":[0,0],"2":[0,0],"3":[0,0],"4":[0,0]},"_coverageSchema":"332fd63041d2c1bcb487cc26dd0d5f7d97098a6c","hash":"ac30742872667010b26f3882eafa8072b70f293c","contentHash":"446249b80e6d07653958f94faad3c58c_11.9.0"},"c:\\Users\\Pasquale\\Documents\\SuperActivatorNodeNg\\routes\\utenti-permessi.server.router.js":{"path":"c:\\Users\\Pasquale\\Documents\\SuperActivatorNodeNg\\routes\\utenti-permessi.server.router.js","statementMap":{"0":{"start":{"line":1,"column":16},"end":{"line":1,"column":34}},"1":{"start":{"line":2,"column":15},"end":{"line":2,"column":31}},"2":{"start":{"line":4,"column":12},"end":{"line":4,"column":40}},"3":{"start":{"line":6,"column":33},"end":{"line":6,"column":94}},"4":{"start":{"line":8,"column":0},"end":{"line":8,"column":55}},"5":{"start":{"line":10,"column":0},"end":{"line":10,"column":58}},"6":{"start":{"line":11,"column":0},"end":{"line":11,"column":60}},"7":{"start":{"line":14,"column":0},"end":{"line":14,"column":24}}},"fnMap":{},"branchMap":{},"s":{"0":1,"1":1,"2":1,"3":1,"4":1,"5":1,"6":1,"7":1},"f":{},"b":{},"_coverageSchema":"332fd63041d2c1bcb487cc26dd0d5f7d97098a6c","hash":"7427bd6d7acfdb26375593619e3d398ce974011f","contentHash":"33309d3a736439c39b2415fd3e5ee49d_11.9.0"},"c:\\Users\\Pasquale\\Documents\\SuperActivatorNodeNg\\controllers\\utenti-permessi.server.controller.js":{"path":"c:\\Users\\Pasquale\\Documents\\SuperActivatorNodeNg\\controllers\\utenti-permessi.server.controller.js","statementMap":{"0":{"start":{"line":1,"column":19},"end":{"line":1,"column":79}},"1":{"start":{"line":2,"column":18},"end":{"line":2,"column":69}},"2":{"start":{"line":5,"column":13},"end":{"line":12,"column":1}},"3":{"start":{"line":6,"column":4},"end":{"line":11,"column":44}},"4":{"start":{"line":9,"column":12},"end":{"line":9,"column":29}},"5":{"start":{"line":11,"column":22},"end":{"line":11,"column":42}},"6":{"start":{"line":13,"column":0},"end":{"line":13,"column":27}},"7":{"start":{"line":28,"column":13},"end":{"line":34,"column":1}},"8":{"start":{"line":29,"column":19},"end":{"line":29,"column":32}},"9":{"start":{"line":30,"column":4},"end":{"line":33,"column":46}},"10":{"start":{"line":32,"column":12},"end":{"line":32,"column":26}},"11":{"start":{"line":33,"column":24},"end":{"line":33,"column":44}},"12":{"start":{"line":35,"column":0},"end":{"line":35,"column":27}},"13":{"start":{"line":38,"column":15},"end":{"line":47,"column":1}},"14":{"start":{"line":39,"column":19},"end":{"line":39,"column":32}},"15":{"start":{"line":40,"column":20},"end":{"line":40,"column":28}},"16":{"start":{"line":41,"column":4},"end":{"line":46,"column":46}},"17":{"start":{"line":43,"column":12},"end":{"line":45,"column":15}},"18":{"start":{"line":44,"column":16},"end":{"line":44,"column":33}},"19":{"start":{"line":46,"column":24},"end":{"line":46,"column":44}},"20":{"start":{"line":48,"column":0},"end":{"line":48,"column":31}}},"fnMap":{"0":{"name":"(anonymous_0)","decl":{"start":{"line":5,"column":13},"end":{"line":5,"column":14}},"loc":{"start":{"line":5,"column":33},"end":{"line":12,"column":1}},"line":5},"1":{"name":"(anonymous_1)","decl":{"start":{"line":8,"column":14},"end":{"line":8,"column":15}},"loc":{"start":{"line":8,"column":24},"end":{"line":10,"column":9}},"line":8},"2":{"name":"(anonymous_2)","decl":{"start":{"line":11,"column":15},"end":{"line":11,"column":16}},"loc":{"start":{"line":11,"column":22},"end":{"line":11,"column":42}},"line":11},"3":{"name":"(anonymous_3)","decl":{"start":{"line":28,"column":13},"end":{"line":28,"column":14}},"loc":{"start":{"line":28,"column":33},"end":{"line":34,"column":1}},"line":28},"4":{"name":"(anonymous_4)","decl":{"start":{"line":31,"column":14},"end":{"line":31,"column":15}},"loc":{"start":{"line":31,"column":21},"end":{"line":33,"column":9}},"line":31},"5":{"name":"(anonymous_5)","decl":{"start":{"line":33,"column":17},"end":{"line":33,"column":18}},"loc":{"start":{"line":33,"column":24},"end":{"line":33,"column":44}},"line":33},"6":{"name":"(anonymous_6)","decl":{"start":{"line":38,"column":15},"end":{"line":38,"column":16}},"loc":{"start":{"line":38,"column":35},"end":{"line":47,"column":1}},"line":38},"7":{"name":"(anonymous_7)","decl":{"start":{"line":42,"column":14},"end":{"line":42,"column":15}},"loc":{"start":{"line":42,"column":30},"end":{"line":46,"column":9}},"line":42},"8":{"name":"(anonymous_8)","decl":{"start":{"line":43,"column":55},"end":{"line":43,"column":56}},"loc":{"start":{"line":43,"column":67},"end":{"line":45,"column":13}},"line":43},"9":{"name":"(anonymous_9)","decl":{"start":{"line":46,"column":17},"end":{"line":46,"column":18}},"loc":{"start":{"line":46,"column":24},"end":{"line":46,"column":44}},"line":46}},"branchMap":{},"s":{"0":1,"1":1,"2":1,"3":0,"4":0,"5":0,"6":1,"7":1,"8":0,"9":0,"10":0,"11":0,"12":1,"13":1,"14":0,"15":0,"16":0,"17":0,"18":0,"19":0,"20":1},"f":{"0":0,"1":0,"2":0,"3":0,"4":0,"5":0,"6":0,"7":0,"8":0,"9":0},"b":{},"_coverageSchema":"332fd63041d2c1bcb487cc26dd0d5f7d97098a6c","hash":"17aa5a794c9394c1616a528680849640043d8864","contentHash":"2d91a66ac83741d3883a3235fa45a759_11.9.0"},"c:\\Users\\Pasquale\\Documents\\SuperActivatorNodeNg\\seeds\\sks.js":{"path":"c:\\Users\\Pasquale\\Documents\\SuperActivatorNodeNg\\seeds\\sks.js","statementMap":{"0":{"start":{"line":1,"column":0},"end":{"line":1021,"column":2}}},"fnMap":{},"branchMap":{},"s":{"0":1},"f":{},"b":{},"_coverageSchema":"332fd63041d2c1bcb487cc26dd0d5f7d97098a6c","hash":"be55014a77efec9869693d632145c943fe36dc19","contentHash":"00e2e332af3410b36fdb7164ddb1d6fe_11.9.0"},"c:\\Users\\Pasquale\\Documents\\SuperActivatorNodeNg\\seeds\\pc.js":{"path":"c:\\Users\\Pasquale\\Documents\\SuperActivatorNodeNg\\seeds\\pc.js","statementMap":{"0":{"start":{"line":1,"column":0},"end":{"line":290,"column":1}}},"fnMap":{},"branchMap":{},"s":{"0":1},"f":{},"b":{},"_coverageSchema":"332fd63041d2c1bcb487cc26dd0d5f7d97098a6c","hash":"0c7220976132caa2176dc4e20119114c33edad0a","contentHash":"56b1547c4e0dc3391b57f121c1fbe3a8_11.9.0"},"c:\\Users\\Pasquale\\Documents\\SuperActivatorNodeNg\\seeds\\matricole.js":{"path":"c:\\Users\\Pasquale\\Documents\\SuperActivatorNodeNg\\seeds\\matricole.js","statementMap":{"0":{"start":{"line":1,"column":0},"end":{"line":362,"column":1}}},"fnMap":{},"branchMap":{},"s":{"0":1},"f":{},"b":{},"_coverageSchema":"332fd63041d2c1bcb487cc26dd0d5f7d97098a6c","hash":"9ddb11ca074ae2a65bcf43ff1ffc69f7678d518b","contentHash":"4b32e1f67f0c68198e1977a06b235e51_11.9.0"}}